{"/Users/dudleyspence/GitHub Projects/TrailTalk/be-news-api/app.js": {"path":"/Users/dudleyspence/GitHub Projects/TrailTalk/be-news-api/app.js","statementMap":{"0":{"start":{"line":1,"column":16},"end":{"line":1,"column":34}},"1":{"start":{"line":2,"column":12},"end":{"line":2,"column":21}},"2":{"start":{"line":3,"column":13},"end":{"line":3,"column":28}},"3":{"start":{"line":4,"column":0},"end":{"line":4,"column":16}},"4":{"start":{"line":6,"column":0},"end":{"line":6,"column":24}},"5":{"start":{"line":12,"column":4},"end":{"line":12,"column":30}},"6":{"start":{"line":14,"column":18},"end":{"line":14,"column":45}},"7":{"start":{"line":21,"column":4},"end":{"line":21,"column":36}},"8":{"start":{"line":24,"column":0},"end":{"line":26,"column":3}},"9":{"start":{"line":25,"column":2},"end":{"line":25,"column":43}},"10":{"start":{"line":29,"column":0},"end":{"line":29,"column":30}},"11":{"start":{"line":30,"column":0},"end":{"line":30,"column":32}},"12":{"start":{"line":31,"column":0},"end":{"line":31,"column":32}},"13":{"start":{"line":32,"column":0},"end":{"line":32,"column":29}},"14":{"start":{"line":35,"column":0},"end":{"line":37,"column":3}},"15":{"start":{"line":36,"column":2},"end":{"line":36,"column":51}},"16":{"start":{"line":40,"column":0},"end":{"line":40,"column":26}},"17":{"start":{"line":41,"column":0},"end":{"line":41,"column":27}},"18":{"start":{"line":42,"column":0},"end":{"line":42,"column":27}},"19":{"start":{"line":44,"column":0},"end":{"line":44,"column":21}}},"fnMap":{"0":{"name":"(anonymous_0)","decl":{"start":{"line":24,"column":16},"end":{"line":24,"column":17}},"loc":{"start":{"line":24,"column":39},"end":{"line":26,"column":1}},"line":24},"1":{"name":"(anonymous_1)","decl":{"start":{"line":35,"column":13},"end":{"line":35,"column":14}},"loc":{"start":{"line":35,"column":36},"end":{"line":37,"column":1}},"line":35}},"branchMap":{},"s":{"0":1,"1":1,"2":1,"3":1,"4":1,"5":1,"6":1,"7":1,"8":1,"9":1,"10":1,"11":1,"12":1,"13":1,"14":1,"15":1,"16":1,"17":1,"18":1,"19":1},"f":{"0":1,"1":1},"b":{},"_coverageSchema":"1a1c01bbd47fc00a2c39e90264f33305004495a9","hash":"fd5583c78f4526b9118b753a470695e3257d9944"}
,"/Users/dudleyspence/GitHub Projects/TrailTalk/be-news-api/controllers/articles.controllers.js": {"path":"/Users/dudleyspence/GitHub Projects/TrailTalk/be-news-api/controllers/articles.controllers.js","statementMap":{"0":{"start":{"line":1,"column":90},"end":{"line":1,"column":126}},"1":{"start":{"line":3,"column":0},"end":{"line":9,"column":1}},"2":{"start":{"line":4,"column":25},"end":{"line":4,"column":39}},"3":{"start":{"line":5,"column":4},"end":{"line":8,"column":16}},"4":{"start":{"line":6,"column":8},"end":{"line":6,"column":44}},"5":{"start":{"line":12,"column":0},"end":{"line":20,"column":1}},"6":{"start":{"line":14,"column":55},"end":{"line":14,"column":68}},"7":{"start":{"line":15,"column":4},"end":{"line":18,"column":16}},"8":{"start":{"line":16,"column":8},"end":{"line":16,"column":84}},"9":{"start":{"line":22,"column":0},"end":{"line":30,"column":1}},"10":{"start":{"line":23,"column":25},"end":{"line":23,"column":39}},"11":{"start":{"line":24,"column":22},"end":{"line":24,"column":34}},"12":{"start":{"line":26,"column":4},"end":{"line":29,"column":16}},"13":{"start":{"line":27,"column":8},"end":{"line":27,"column":40}},"14":{"start":{"line":32,"column":0},"end":{"line":41,"column":1}},"15":{"start":{"line":34,"column":20},"end":{"line":34,"column":32}},"16":{"start":{"line":36,"column":4},"end":{"line":39,"column":16}},"17":{"start":{"line":37,"column":8},"end":{"line":37,"column":44}},"18":{"start":{"line":43,"column":0},"end":{"line":50,"column":1}},"19":{"start":{"line":44,"column":25},"end":{"line":44,"column":39}},"20":{"start":{"line":46,"column":4},"end":{"line":49,"column":16}},"21":{"start":{"line":47,"column":8},"end":{"line":47,"column":39}}},"fnMap":{"0":{"name":"(anonymous_0)","decl":{"start":{"line":3,"column":25},"end":{"line":3,"column":26}},"loc":{"start":{"line":3,"column":54},"end":{"line":9,"column":1}},"line":3},"1":{"name":"(anonymous_1)","decl":{"start":{"line":5,"column":38},"end":{"line":5,"column":39}},"loc":{"start":{"line":5,"column":51},"end":{"line":7,"column":5}},"line":5},"2":{"name":"(anonymous_2)","decl":{"start":{"line":12,"column":22},"end":{"line":12,"column":23}},"loc":{"start":{"line":12,"column":51},"end":{"line":20,"column":1}},"line":12},"3":{"name":"(anonymous_3)","decl":{"start":{"line":15,"column":64},"end":{"line":15,"column":65}},"loc":{"start":{"line":15,"column":103},"end":{"line":17,"column":5}},"line":15},"4":{"name":"(anonymous_4)","decl":{"start":{"line":22,"column":28},"end":{"line":22,"column":29}},"loc":{"start":{"line":22,"column":57},"end":{"line":30,"column":1}},"line":22},"5":{"name":"(anonymous_5)","decl":{"start":{"line":26,"column":52},"end":{"line":26,"column":53}},"loc":{"start":{"line":26,"column":63},"end":{"line":28,"column":5}},"line":26},"6":{"name":"(anonymous_6)","decl":{"start":{"line":32,"column":22},"end":{"line":32,"column":23}},"loc":{"start":{"line":32,"column":51},"end":{"line":41,"column":1}},"line":32},"7":{"name":"(anonymous_7)","decl":{"start":{"line":36,"column":29},"end":{"line":36,"column":30}},"loc":{"start":{"line":36,"column":42},"end":{"line":38,"column":5}},"line":36},"8":{"name":"(anonymous_8)","decl":{"start":{"line":43,"column":24},"end":{"line":43,"column":25}},"loc":{"start":{"line":43,"column":53},"end":{"line":50,"column":1}},"line":43},"9":{"name":"(anonymous_9)","decl":{"start":{"line":46,"column":35},"end":{"line":46,"column":36}},"loc":{"start":{"line":46,"column":41},"end":{"line":48,"column":5}},"line":46}},"branchMap":{},"s":{"0":1,"1":1,"2":5,"3":5,"4":3,"5":1,"6":20,"7":20,"8":15,"9":1,"10":4,"11":4,"12":4,"13":1,"14":1,"15":10,"16":10,"17":4,"18":1,"19":1,"20":1,"21":1},"f":{"0":5,"1":3,"2":20,"3":15,"4":4,"5":1,"6":10,"7":4,"8":1,"9":1},"b":{},"_coverageSchema":"1a1c01bbd47fc00a2c39e90264f33305004495a9","hash":"98470db9688feefd42472422caeb01cc912095a9"}
,"/Users/dudleyspence/GitHub Projects/TrailTalk/be-news-api/controllers/comments.controllers.js": {"path":"/Users/dudleyspence/GitHub Projects/TrailTalk/be-news-api/controllers/comments.controllers.js","statementMap":{"0":{"start":{"line":1,"column":74},"end":{"line":1,"column":110}},"1":{"start":{"line":4,"column":0},"end":{"line":15,"column":1}},"2":{"start":{"line":5,"column":41},"end":{"line":5,"column":54}},"3":{"start":{"line":7,"column":25},"end":{"line":7,"column":39}},"4":{"start":{"line":9,"column":4},"end":{"line":13,"column":16}},"5":{"start":{"line":11,"column":8},"end":{"line":11,"column":45}},"6":{"start":{"line":17,"column":0},"end":{"line":24,"column":1}},"7":{"start":{"line":18,"column":20},"end":{"line":18,"column":32}},"8":{"start":{"line":19,"column":25},"end":{"line":19,"column":39}},"9":{"start":{"line":20,"column":4},"end":{"line":23,"column":16}},"10":{"start":{"line":21,"column":8},"end":{"line":21,"column":44}},"11":{"start":{"line":26,"column":0},"end":{"line":34,"column":1}},"12":{"start":{"line":28,"column":27},"end":{"line":28,"column":41}},"13":{"start":{"line":30,"column":4},"end":{"line":33,"column":16}},"14":{"start":{"line":31,"column":8},"end":{"line":31,"column":58}},"15":{"start":{"line":36,"column":0},"end":{"line":44,"column":1}},"16":{"start":{"line":37,"column":25},"end":{"line":37,"column":39}},"17":{"start":{"line":38,"column":22},"end":{"line":38,"column":34}},"18":{"start":{"line":40,"column":4},"end":{"line":43,"column":16}},"19":{"start":{"line":41,"column":8},"end":{"line":41,"column":44}}},"fnMap":{"0":{"name":"(anonymous_0)","decl":{"start":{"line":4,"column":22},"end":{"line":4,"column":23}},"loc":{"start":{"line":4,"column":51},"end":{"line":15,"column":1}},"line":4},"1":{"name":"(anonymous_1)","decl":{"start":{"line":9,"column":62},"end":{"line":9,"column":63}},"loc":{"start":{"line":9,"column":76},"end":{"line":12,"column":5}},"line":9},"2":{"name":"(anonymous_2)","decl":{"start":{"line":17,"column":22},"end":{"line":17,"column":23}},"loc":{"start":{"line":17,"column":51},"end":{"line":24,"column":1}},"line":17},"3":{"name":"(anonymous_3)","decl":{"start":{"line":20,"column":41},"end":{"line":20,"column":42}},"loc":{"start":{"line":20,"column":54},"end":{"line":22,"column":5}},"line":20},"4":{"name":"(anonymous_4)","decl":{"start":{"line":26,"column":24},"end":{"line":26,"column":25}},"loc":{"start":{"line":26,"column":53},"end":{"line":34,"column":1}},"line":26},"5":{"name":"(anonymous_5)","decl":{"start":{"line":30,"column":35},"end":{"line":30,"column":36}},"loc":{"start":{"line":30,"column":41},"end":{"line":32,"column":5}},"line":30},"6":{"name":"(anonymous_6)","decl":{"start":{"line":36,"column":28},"end":{"line":36,"column":29}},"loc":{"start":{"line":36,"column":57},"end":{"line":44,"column":1}},"line":36},"7":{"name":"(anonymous_7)","decl":{"start":{"line":40,"column":52},"end":{"line":40,"column":53}},"loc":{"start":{"line":40,"column":65},"end":{"line":42,"column":5}},"line":40}},"branchMap":{},"s":{"0":1,"1":1,"2":7,"3":7,"4":7,"5":5,"6":1,"7":7,"8":7,"9":7,"10":2,"11":1,"12":3,"13":3,"14":1,"15":1,"16":4,"17":4,"18":4,"19":1},"f":{"0":7,"1":5,"2":7,"3":2,"4":3,"5":1,"6":4,"7":1},"b":{},"_coverageSchema":"1a1c01bbd47fc00a2c39e90264f33305004495a9","hash":"9d65763d08b3188b4ed66d0e5c57b94d02f96ab3"}
,"/Users/dudleyspence/GitHub Projects/TrailTalk/be-news-api/controllers/topics.controllers.js": {"path":"/Users/dudleyspence/GitHub Projects/TrailTalk/be-news-api/controllers/topics.controllers.js","statementMap":{"0":{"start":{"line":1,"column":32},"end":{"line":1,"column":66}},"1":{"start":{"line":3,"column":0},"end":{"line":10,"column":2}},"2":{"start":{"line":6,"column":4},"end":{"line":9,"column":16}},"3":{"start":{"line":7,"column":8},"end":{"line":7,"column":43}},"4":{"start":{"line":12,"column":0},"end":{"line":20,"column":1}},"5":{"start":{"line":14,"column":22},"end":{"line":14,"column":34}},"6":{"start":{"line":16,"column":4},"end":{"line":19,"column":16}},"7":{"start":{"line":17,"column":8},"end":{"line":17,"column":42}}},"fnMap":{"0":{"name":"(anonymous_0)","decl":{"start":{"line":3,"column":20},"end":{"line":3,"column":21}},"loc":{"start":{"line":3,"column":49},"end":{"line":10,"column":1}},"line":3},"1":{"name":"(anonymous_1)","decl":{"start":{"line":6,"column":23},"end":{"line":6,"column":24}},"loc":{"start":{"line":6,"column":35},"end":{"line":8,"column":5}},"line":6},"2":{"name":"(anonymous_2)","decl":{"start":{"line":12,"column":20},"end":{"line":12,"column":21}},"loc":{"start":{"line":12,"column":49},"end":{"line":20,"column":1}},"line":12},"3":{"name":"(anonymous_3)","decl":{"start":{"line":16,"column":29},"end":{"line":16,"column":30}},"loc":{"start":{"line":16,"column":40},"end":{"line":18,"column":5}},"line":16}},"branchMap":{},"s":{"0":1,"1":1,"2":1,"3":1,"4":1,"5":2,"6":2,"7":1},"f":{"0":1,"1":1,"2":2,"3":1},"b":{},"_coverageSchema":"1a1c01bbd47fc00a2c39e90264f33305004495a9","hash":"2cfd3c2e8f5b40ad7ee5c55180a23e6a9e7e9c3b"}
,"/Users/dudleyspence/GitHub Projects/TrailTalk/be-news-api/controllers/users.controllers.js": {"path":"/Users/dudleyspence/GitHub Projects/TrailTalk/be-news-api/controllers/users.controllers.js","statementMap":{"0":{"start":{"line":1,"column":42},"end":{"line":1,"column":75}},"1":{"start":{"line":4,"column":0},"end":{"line":10,"column":1}},"2":{"start":{"line":6,"column":4},"end":{"line":9,"column":16}},"3":{"start":{"line":7,"column":8},"end":{"line":7,"column":42}},"4":{"start":{"line":12,"column":0},"end":{"line":20,"column":1}},"5":{"start":{"line":14,"column":25},"end":{"line":14,"column":39}},"6":{"start":{"line":16,"column":4},"end":{"line":19,"column":16}},"7":{"start":{"line":17,"column":8},"end":{"line":17,"column":41}}},"fnMap":{"0":{"name":"(anonymous_0)","decl":{"start":{"line":4,"column":19},"end":{"line":4,"column":20}},"loc":{"start":{"line":4,"column":48},"end":{"line":10,"column":1}},"line":4},"1":{"name":"(anonymous_1)","decl":{"start":{"line":6,"column":22},"end":{"line":6,"column":23}},"loc":{"start":{"line":6,"column":33},"end":{"line":8,"column":5}},"line":6},"2":{"name":"(anonymous_2)","decl":{"start":{"line":12,"column":28},"end":{"line":12,"column":29}},"loc":{"start":{"line":12,"column":57},"end":{"line":20,"column":1}},"line":12},"3":{"name":"(anonymous_3)","decl":{"start":{"line":16,"column":39},"end":{"line":16,"column":40}},"loc":{"start":{"line":16,"column":49},"end":{"line":18,"column":5}},"line":16}},"branchMap":{},"s":{"0":1,"1":1,"2":1,"3":1,"4":1,"5":2,"6":2,"7":1},"f":{"0":1,"1":1,"2":2,"3":1},"b":{},"_coverageSchema":"1a1c01bbd47fc00a2c39e90264f33305004495a9","hash":"2e5dea8e0e7b212886a5cd3af2929c38ec0ada3f"}
,"/Users/dudleyspence/GitHub Projects/TrailTalk/be-news-api/db/connection.js": {"path":"/Users/dudleyspence/GitHub Projects/TrailTalk/be-news-api/db/connection.js","statementMap":{"0":{"start":{"line":1,"column":17},"end":{"line":1,"column":30}},"1":{"start":{"line":2,"column":12},"end":{"line":2,"column":49}},"2":{"start":{"line":4,"column":0},"end":{"line":6,"column":3}},"3":{"start":{"line":8,"column":0},"end":{"line":10,"column":1}},"4":{"start":{"line":9,"column":2},"end":{"line":9,"column":56}},"5":{"start":{"line":12,"column":15},"end":{"line":12,"column":17}},"6":{"start":{"line":14,"column":0},"end":{"line":17,"column":1}},"7":{"start":{"line":15,"column":2},"end":{"line":15,"column":53}},"8":{"start":{"line":16,"column":2},"end":{"line":16,"column":17}},"9":{"start":{"line":19,"column":0},"end":{"line":19,"column":34}}},"fnMap":{},"branchMap":{"0":{"loc":{"start":{"line":2,"column":12},"end":{"line":2,"column":49}},"type":"binary-expr","locations":[{"start":{"line":2,"column":12},"end":{"line":2,"column":32}},{"start":{"line":2,"column":36},"end":{"line":2,"column":49}}],"line":2},"1":{"loc":{"start":{"line":8,"column":0},"end":{"line":10,"column":1}},"type":"if","locations":[{"start":{"line":8,"column":0},"end":{"line":10,"column":1}},{"start":{},"end":{}}],"line":8},"2":{"loc":{"start":{"line":8,"column":4},"end":{"line":8,"column":56}},"type":"binary-expr","locations":[{"start":{"line":8,"column":4},"end":{"line":8,"column":27}},{"start":{"line":8,"column":31},"end":{"line":8,"column":56}}],"line":8},"3":{"loc":{"start":{"line":14,"column":0},"end":{"line":17,"column":1}},"type":"if","locations":[{"start":{"line":14,"column":0},"end":{"line":17,"column":1}},{"start":{},"end":{}}],"line":14}},"s":{"0":1,"1":1,"2":1,"3":1,"4":0,"5":1,"6":1,"7":0,"8":0,"9":1},"f":{},"b":{"0":[1,0],"1":[0,1],"2":[1,0],"3":[0,1]},"_coverageSchema":"1a1c01bbd47fc00a2c39e90264f33305004495a9","hash":"0c0c9a89dab0bc2fb8d9b2063dde8bd0389638ab"}
,"/Users/dudleyspence/GitHub Projects/TrailTalk/be-news-api/db/data/test-data/articles.js": {"path":"/Users/dudleyspence/GitHub Projects/TrailTalk/be-news-api/db/data/test-data/articles.js","statementMap":{"0":{"start":{"line":1,"column":0},"end":{"line":120,"column":2}}},"fnMap":{},"branchMap":{},"s":{"0":1},"f":{},"b":{},"_coverageSchema":"1a1c01bbd47fc00a2c39e90264f33305004495a9","hash":"cbc9a146267e77388326d8a74c34509a1bdb73ce"}
,"/Users/dudleyspence/GitHub Projects/TrailTalk/be-news-api/db/data/test-data/comments.js": {"path":"/Users/dudleyspence/GitHub Projects/TrailTalk/be-news-api/db/data/test-data/comments.js","statementMap":{"0":{"start":{"line":1,"column":0},"end":{"line":129,"column":2}}},"fnMap":{},"branchMap":{},"s":{"0":1},"f":{},"b":{},"_coverageSchema":"1a1c01bbd47fc00a2c39e90264f33305004495a9","hash":"3939e61ce1a741a32437cae9df4a8e450818d5ac"}
,"/Users/dudleyspence/GitHub Projects/TrailTalk/be-news-api/db/data/test-data/index.js": {"path":"/Users/dudleyspence/GitHub Projects/TrailTalk/be-news-api/db/data/test-data/index.js","statementMap":{"0":{"start":{"line":1,"column":0},"end":{"line":1,"column":47}},"1":{"start":{"line":2,"column":0},"end":{"line":2,"column":47}},"2":{"start":{"line":3,"column":0},"end":{"line":3,"column":43}},"3":{"start":{"line":4,"column":0},"end":{"line":4,"column":41}}},"fnMap":{},"branchMap":{},"s":{"0":1,"1":1,"2":1,"3":1},"f":{},"b":{},"_coverageSchema":"1a1c01bbd47fc00a2c39e90264f33305004495a9","hash":"fba5fc21bc06bd063740da7337a4e1b73a6ff1c6"}
,"/Users/dudleyspence/GitHub Projects/TrailTalk/be-news-api/db/data/test-data/topics.js": {"path":"/Users/dudleyspence/GitHub Projects/TrailTalk/be-news-api/db/data/test-data/topics.js","statementMap":{"0":{"start":{"line":1,"column":0},"end":{"line":14,"column":2}}},"fnMap":{},"branchMap":{},"s":{"0":1},"f":{},"b":{},"_coverageSchema":"1a1c01bbd47fc00a2c39e90264f33305004495a9","hash":"a036ef659d0211936af963d25a2e59cdcd73f6e8"}
,"/Users/dudleyspence/GitHub Projects/TrailTalk/be-news-api/db/data/test-data/users.js": {"path":"/Users/dudleyspence/GitHub Projects/TrailTalk/be-news-api/db/data/test-data/users.js","statementMap":{"0":{"start":{"line":1,"column":0},"end":{"line":24,"column":2}}},"fnMap":{},"branchMap":{},"s":{"0":1},"f":{},"b":{},"_coverageSchema":"1a1c01bbd47fc00a2c39e90264f33305004495a9","hash":"483292d5e5c3777e427306032a0a08492030969e"}
,"/Users/dudleyspence/GitHub Projects/TrailTalk/be-news-api/db/seeds/seed.js": {"path":"/Users/dudleyspence/GitHub Projects/TrailTalk/be-news-api/db/seeds/seed.js","statementMap":{"0":{"start":{"line":1,"column":15},"end":{"line":1,"column":35}},"1":{"start":{"line":2,"column":11},"end":{"line":2,"column":35}},"2":{"start":{"line":7,"column":4},"end":{"line":7,"column":22}},"3":{"start":{"line":9,"column":13},"end":{"line":117,"column":1}},"4":{"start":{"line":10,"column":2},"end":{"line":116,"column":7}},"5":{"start":{"line":13,"column":6},"end":{"line":13,"column":56}},"6":{"start":{"line":16,"column":6},"end":{"line":16,"column":53}},"7":{"start":{"line":19,"column":6},"end":{"line":19,"column":54}},"8":{"start":{"line":22,"column":33},"end":{"line":26,"column":10}},"9":{"start":{"line":28,"column":32},"end":{"line":33,"column":10}},"10":{"start":{"line":35,"column":6},"end":{"line":35,"column":66}},"11":{"start":{"line":38,"column":6},"end":{"line":48,"column":11}},"12":{"start":{"line":51,"column":6},"end":{"line":59,"column":11}},"13":{"start":{"line":62,"column":35},"end":{"line":65,"column":7}},"14":{"start":{"line":64,"column":49},"end":{"line":64,"column":68}},"15":{"start":{"line":66,"column":28},"end":{"line":66,"column":58}},"16":{"start":{"line":68,"column":34},"end":{"line":75,"column":7}},"17":{"start":{"line":70,"column":57},"end":{"line":74,"column":9}},"18":{"start":{"line":76,"column":27},"end":{"line":76,"column":56}},"19":{"start":{"line":78,"column":6},"end":{"line":78,"column":56}},"20":{"start":{"line":81,"column":35},"end":{"line":81,"column":74}},"21":{"start":{"line":82,"column":37},"end":{"line":95,"column":7}},"22":{"start":{"line":93,"column":16},"end":{"line":93,"column":80}},"23":{"start":{"line":97,"column":6},"end":{"line":97,"column":46}},"24":{"start":{"line":100,"column":30},"end":{"line":100,"column":75}},"25":{"start":{"line":101,"column":35},"end":{"line":101,"column":79}},"26":{"start":{"line":103,"column":37},"end":{"line":114,"column":7}},"27":{"start":{"line":106,"column":67},"end":{"line":112,"column":11}},"28":{"start":{"line":115,"column":6},"end":{"line":115,"column":46}},"29":{"start":{"line":119,"column":0},"end":{"line":119,"column":22}}},"fnMap":{"0":{"name":"(anonymous_0)","decl":{"start":{"line":9,"column":13},"end":{"line":9,"column":14}},"loc":{"start":{"line":9,"column":68},"end":{"line":117,"column":1}},"line":9},"1":{"name":"(anonymous_1)","decl":{"start":{"line":12,"column":10},"end":{"line":12,"column":11}},"loc":{"start":{"line":12,"column":16},"end":{"line":14,"column":5}},"line":12},"2":{"name":"(anonymous_2)","decl":{"start":{"line":15,"column":10},"end":{"line":15,"column":11}},"loc":{"start":{"line":15,"column":16},"end":{"line":17,"column":5}},"line":15},"3":{"name":"(anonymous_3)","decl":{"start":{"line":18,"column":10},"end":{"line":18,"column":11}},"loc":{"start":{"line":18,"column":16},"end":{"line":20,"column":5}},"line":18},"4":{"name":"(anonymous_4)","decl":{"start":{"line":21,"column":10},"end":{"line":21,"column":11}},"loc":{"start":{"line":21,"column":16},"end":{"line":36,"column":5}},"line":21},"5":{"name":"(anonymous_5)","decl":{"start":{"line":37,"column":10},"end":{"line":37,"column":11}},"loc":{"start":{"line":37,"column":16},"end":{"line":49,"column":5}},"line":37},"6":{"name":"(anonymous_6)","decl":{"start":{"line":50,"column":10},"end":{"line":50,"column":11}},"loc":{"start":{"line":50,"column":16},"end":{"line":60,"column":5}},"line":50},"7":{"name":"(anonymous_7)","decl":{"start":{"line":61,"column":10},"end":{"line":61,"column":11}},"loc":{"start":{"line":61,"column":16},"end":{"line":79,"column":5}},"line":61},"8":{"name":"(anonymous_8)","decl":{"start":{"line":64,"column":22},"end":{"line":64,"column":23}},"loc":{"start":{"line":64,"column":49},"end":{"line":64,"column":68}},"line":64},"9":{"name":"(anonymous_9)","decl":{"start":{"line":70,"column":21},"end":{"line":70,"column":22}},"loc":{"start":{"line":70,"column":57},"end":{"line":74,"column":9}},"line":70},"10":{"name":"(anonymous_10)","decl":{"start":{"line":80,"column":10},"end":{"line":80,"column":11}},"loc":{"start":{"line":80,"column":16},"end":{"line":98,"column":5}},"line":80},"11":{"name":"(anonymous_11)","decl":{"start":{"line":85,"column":10},"end":{"line":85,"column":11}},"loc":{"start":{"line":93,"column":16},"end":{"line":93,"column":80}},"line":93},"12":{"name":"(anonymous_12)","decl":{"start":{"line":99,"column":10},"end":{"line":99,"column":11}},"loc":{"start":{"line":99,"column":37},"end":{"line":116,"column":5}},"line":99},"13":{"name":"(anonymous_13)","decl":{"start":{"line":106,"column":10},"end":{"line":106,"column":11}},"loc":{"start":{"line":106,"column":67},"end":{"line":112,"column":11}},"line":106}},"branchMap":{"0":{"loc":{"start":{"line":91,"column":12},"end":{"line":91,"column":21}},"type":"default-arg","locations":[{"start":{"line":91,"column":20},"end":{"line":91,"column":21}}],"line":91},"1":{"loc":{"start":{"line":106,"column":39},"end":{"line":106,"column":48}},"type":"default-arg","locations":[{"start":{"line":106,"column":47},"end":{"line":106,"column":48}}],"line":106}},"s":{"0":1,"1":1,"2":1,"3":1,"4":1,"5":1,"6":1,"7":1,"8":1,"9":1,"10":1,"11":1,"12":1,"13":1,"14":3,"15":1,"16":1,"17":4,"18":1,"19":1,"20":1,"21":1,"22":13,"23":1,"24":1,"25":1,"26":1,"27":18,"28":1,"29":1},"f":{"0":1,"1":1,"2":1,"3":1,"4":1,"5":1,"6":1,"7":1,"8":3,"9":4,"10":1,"11":13,"12":1,"13":18},"b":{"0":[12],"1":[0]},"_coverageSchema":"1a1c01bbd47fc00a2c39e90264f33305004495a9","hash":"917e10695d61f53d56c840fc3beb8c676e57f92b"}
,"/Users/dudleyspence/GitHub Projects/TrailTalk/be-news-api/db/seeds/utils.js": {"path":"/Users/dudleyspence/GitHub Projects/TrailTalk/be-news-api/db/seeds/utils.js","statementMap":{"0":{"start":{"line":1,"column":0},"end":{"line":4,"column":2}},"1":{"start":{"line":2,"column":2},"end":{"line":2,"column":49}},"2":{"start":{"line":2,"column":19},"end":{"line":2,"column":49}},"3":{"start":{"line":3,"column":2},"end":{"line":3,"column":66}},"4":{"start":{"line":6,"column":0},"end":{"line":11,"column":2}},"5":{"start":{"line":7,"column":2},"end":{"line":10,"column":9}},"6":{"start":{"line":8,"column":4},"end":{"line":8,"column":39}},"7":{"start":{"line":9,"column":4},"end":{"line":9,"column":15}},"8":{"start":{"line":13,"column":0},"end":{"line":22,"column":2}},"9":{"start":{"line":14,"column":2},"end":{"line":21,"column":5}},"10":{"start":{"line":15,"column":23},"end":{"line":15,"column":43}},"11":{"start":{"line":16,"column":4},"end":{"line":20,"column":6}}},"fnMap":{"0":{"name":"(anonymous_0)","decl":{"start":{"line":1,"column":33},"end":{"line":1,"column":34}},"loc":{"start":{"line":1,"column":73},"end":{"line":4,"column":1}},"line":1},"1":{"name":"(anonymous_1)","decl":{"start":{"line":6,"column":20},"end":{"line":6,"column":21}},"loc":{"start":{"line":6,"column":41},"end":{"line":11,"column":1}},"line":6},"2":{"name":"(anonymous_2)","decl":{"start":{"line":7,"column":20},"end":{"line":7,"column":21}},"loc":{"start":{"line":7,"column":38},"end":{"line":10,"column":3}},"line":7},"3":{"name":"(anonymous_3)","decl":{"start":{"line":13,"column":25},"end":{"line":13,"column":26}},"loc":{"start":{"line":13,"column":49},"end":{"line":22,"column":1}},"line":13},"4":{"name":"(anonymous_4)","decl":{"start":{"line":14,"column":22},"end":{"line":14,"column":23}},"loc":{"start":{"line":14,"column":72},"end":{"line":21,"column":3}},"line":14}},"branchMap":{"0":{"loc":{"start":{"line":2,"column":2},"end":{"line":2,"column":49}},"type":"if","locations":[{"start":{"line":2,"column":2},"end":{"line":2,"column":49}},{"start":{},"end":{}}],"line":2}},"s":{"0":2,"1":41,"2":6,"3":35,"4":2,"5":6,"6":19,"7":19,"8":2,"9":6,"10":23,"11":23},"f":{"0":41,"1":6,"2":19,"3":6,"4":23},"b":{"0":[6,35]},"_coverageSchema":"1a1c01bbd47fc00a2c39e90264f33305004495a9","hash":"0cb26caa34c2814ccab21c9cc6072f3c526cf626"}
,"/Users/dudleyspence/GitHub Projects/TrailTalk/be-news-api/db/utils/utils.js": {"path":"/Users/dudleyspence/GitHub Projects/TrailTalk/be-news-api/db/utils/utils.js","statementMap":{"0":{"start":{"line":1,"column":11},"end":{"line":1,"column":35}},"1":{"start":{"line":3,"column":0},"end":{"line":9,"column":1}},"2":{"start":{"line":4,"column":4},"end":{"line":8,"column":6}},"3":{"start":{"line":7,"column":8},"end":{"line":7,"column":28}},"4":{"start":{"line":12,"column":0},"end":{"line":18,"column":1}},"5":{"start":{"line":13,"column":4},"end":{"line":17,"column":6}},"6":{"start":{"line":16,"column":8},"end":{"line":16,"column":28}},"7":{"start":{"line":20,"column":0},"end":{"line":26,"column":1}},"8":{"start":{"line":21,"column":4},"end":{"line":25,"column":6}},"9":{"start":{"line":24,"column":8},"end":{"line":24,"column":28}},"10":{"start":{"line":28,"column":0},"end":{"line":34,"column":1}},"11":{"start":{"line":29,"column":4},"end":{"line":33,"column":6}},"12":{"start":{"line":32,"column":8},"end":{"line":32,"column":28}}},"fnMap":{"0":{"name":"(anonymous_0)","decl":{"start":{"line":3,"column":31},"end":{"line":3,"column":32}},"loc":{"start":{"line":3,"column":47},"end":{"line":9,"column":1}},"line":3},"1":{"name":"(anonymous_1)","decl":{"start":{"line":6,"column":10},"end":{"line":6,"column":11}},"loc":{"start":{"line":6,"column":20},"end":{"line":8,"column":5}},"line":6},"2":{"name":"(anonymous_2)","decl":{"start":{"line":12,"column":30},"end":{"line":12,"column":31}},"loc":{"start":{"line":12,"column":44},"end":{"line":18,"column":1}},"line":12},"3":{"name":"(anonymous_3)","decl":{"start":{"line":15,"column":10},"end":{"line":15,"column":11}},"loc":{"start":{"line":15,"column":20},"end":{"line":17,"column":5}},"line":15},"4":{"name":"(anonymous_4)","decl":{"start":{"line":20,"column":29},"end":{"line":20,"column":30}},"loc":{"start":{"line":20,"column":45},"end":{"line":26,"column":1}},"line":20},"5":{"name":"(anonymous_5)","decl":{"start":{"line":23,"column":10},"end":{"line":23,"column":11}},"loc":{"start":{"line":23,"column":20},"end":{"line":25,"column":5}},"line":23},"6":{"name":"(anonymous_6)","decl":{"start":{"line":28,"column":27},"end":{"line":28,"column":28}},"loc":{"start":{"line":28,"column":38},"end":{"line":34,"column":1}},"line":28},"7":{"name":"(anonymous_7)","decl":{"start":{"line":31,"column":10},"end":{"line":31,"column":11}},"loc":{"start":{"line":31,"column":20},"end":{"line":33,"column":5}},"line":31}},"branchMap":{},"s":{"0":1,"1":1,"2":16,"3":16,"4":1,"5":15,"6":15,"7":1,"8":4,"9":4,"10":1,"11":14,"12":14},"f":{"0":16,"1":16,"2":15,"3":15,"4":4,"5":4,"6":14,"7":14},"b":{},"_coverageSchema":"1a1c01bbd47fc00a2c39e90264f33305004495a9","hash":"1166f046e076391bf36d2c0987f465e5200eb784"}
,"/Users/dudleyspence/GitHub Projects/TrailTalk/be-news-api/errors/errors.js": {"path":"/Users/dudleyspence/GitHub Projects/TrailTalk/be-news-api/errors/errors.js","statementMap":{"0":{"start":{"line":2,"column":0},"end":{"line":9,"column":1}},"1":{"start":{"line":3,"column":4},"end":{"line":8,"column":5}},"2":{"start":{"line":4,"column":8},"end":{"line":4,"column":64}},"3":{"start":{"line":7,"column":8},"end":{"line":7,"column":17}},"4":{"start":{"line":11,"column":0},"end":{"line":17,"column":1}},"5":{"start":{"line":12,"column":4},"end":{"line":16,"column":5}},"6":{"start":{"line":13,"column":8},"end":{"line":13,"column":64}},"7":{"start":{"line":15,"column":8},"end":{"line":15,"column":17}},"8":{"start":{"line":19,"column":0},"end":{"line":21,"column":1}},"9":{"start":{"line":20,"column":4},"end":{"line":20,"column":65}}},"fnMap":{"0":{"name":"(anonymous_0)","decl":{"start":{"line":2,"column":27},"end":{"line":2,"column":28}},"loc":{"start":{"line":2,"column":61},"end":{"line":9,"column":1}},"line":2},"1":{"name":"(anonymous_1)","decl":{"start":{"line":11,"column":28},"end":{"line":11,"column":29}},"loc":{"start":{"line":11,"column":62},"end":{"line":17,"column":1}},"line":11},"2":{"name":"(anonymous_2)","decl":{"start":{"line":19,"column":28},"end":{"line":19,"column":29}},"loc":{"start":{"line":19,"column":56},"end":{"line":21,"column":1}},"line":19}},"branchMap":{"0":{"loc":{"start":{"line":3,"column":4},"end":{"line":8,"column":5}},"type":"if","locations":[{"start":{"line":3,"column":4},"end":{"line":8,"column":5}},{"start":{"line":6,"column":9},"end":{"line":8,"column":5}}],"line":3},"1":{"loc":{"start":{"line":12,"column":4},"end":{"line":16,"column":5}},"type":"if","locations":[{"start":{"line":12,"column":4},"end":{"line":16,"column":5}},{"start":{"line":14,"column":11},"end":{"line":16,"column":5}}],"line":12},"2":{"loc":{"start":{"line":12,"column":8},"end":{"line":12,"column":33}},"type":"binary-expr","locations":[{"start":{"line":12,"column":8},"end":{"line":12,"column":18}},{"start":{"line":12,"column":22},"end":{"line":12,"column":33}}],"line":12}},"s":{"0":1,"1":30,"2":0,"3":30,"4":1,"5":30,"6":30,"7":0,"8":1,"9":0},"f":{"0":30,"1":30,"2":0},"b":{"0":[0,30],"1":[30,0],"2":[30,30]},"_coverageSchema":"1a1c01bbd47fc00a2c39e90264f33305004495a9","hash":"6e8288f36ab575ac2a9b38e6afdbd1d851400426"}
,"/Users/dudleyspence/GitHub Projects/TrailTalk/be-news-api/models/articles.models.js": {"path":"/Users/dudleyspence/GitHub Projects/TrailTalk/be-news-api/models/articles.models.js","statementMap":{"0":{"start":{"line":1,"column":11},"end":{"line":1,"column":38}},"1":{"start":{"line":2,"column":72},"end":{"line":2,"column":100}},"2":{"start":{"line":5,"column":0},"end":{"line":44,"column":1}},"3":{"start":{"line":7,"column":19},"end":{"line":19,"column":50}},"4":{"start":{"line":21,"column":22},"end":{"line":21,"column":46}},"5":{"start":{"line":23,"column":4},"end":{"line":25,"column":5}},"6":{"start":{"line":24,"column":8},"end":{"line":24,"column":68}},"7":{"start":{"line":28,"column":4},"end":{"line":28,"column":49}},"8":{"start":{"line":31,"column":4},"end":{"line":32,"column":25}},"9":{"start":{"line":34,"column":4},"end":{"line":42,"column":6}},"10":{"start":{"line":35,"column":8},"end":{"line":39,"column":9}},"11":{"start":{"line":36,"column":12},"end":{"line":36,"column":71}},"12":{"start":{"line":38,"column":12},"end":{"line":38,"column":51}},"13":{"start":{"line":41,"column":8},"end":{"line":41,"column":22}},"14":{"start":{"line":46,"column":0},"end":{"line":121,"column":1}},"15":{"start":{"line":48,"column":24},"end":{"line":48,"column":26}},"16":{"start":{"line":49,"column":29},"end":{"line":49,"column":31}},"17":{"start":{"line":52,"column":25},"end":{"line":52,"column":98}},"18":{"start":{"line":54,"column":4},"end":{"line":56,"column":5}},"19":{"start":{"line":55,"column":8},"end":{"line":55,"column":70}},"20":{"start":{"line":59,"column":4},"end":{"line":61,"column":5}},"21":{"start":{"line":60,"column":8},"end":{"line":60,"column":70}},"22":{"start":{"line":62,"column":4},"end":{"line":62,"column":27}},"23":{"start":{"line":63,"column":4},"end":{"line":63,"column":23}},"24":{"start":{"line":66,"column":19},"end":{"line":77,"column":50}},"25":{"start":{"line":79,"column":24},"end":{"line":79,"column":32}},"26":{"start":{"line":82,"column":4},"end":{"line":102,"column":5}},"27":{"start":{"line":83,"column":8},"end":{"line":83,"column":28}},"28":{"start":{"line":84,"column":8},"end":{"line":84,"column":33}},"29":{"start":{"line":86,"column":8},"end":{"line":101,"column":9}},"30":{"start":{"line":87,"column":12},"end":{"line":87,"column":67}},"31":{"start":{"line":88,"column":12},"end":{"line":88,"column":72}},"32":{"start":{"line":89,"column":12},"end":{"line":89,"column":43}},"33":{"start":{"line":90,"column":12},"end":{"line":90,"column":48}},"34":{"start":{"line":91,"column":15},"end":{"line":101,"column":9}},"35":{"start":{"line":92,"column":12},"end":{"line":92,"column":45}},"36":{"start":{"line":93,"column":12},"end":{"line":93,"column":50}},"37":{"start":{"line":94,"column":12},"end":{"line":94,"column":36}},"38":{"start":{"line":95,"column":12},"end":{"line":95,"column":41}},"39":{"start":{"line":96,"column":15},"end":{"line":101,"column":9}},"40":{"start":{"line":97,"column":12},"end":{"line":97,"column":44}},"41":{"start":{"line":98,"column":12},"end":{"line":98,"column":49}},"42":{"start":{"line":99,"column":12},"end":{"line":99,"column":35}},"43":{"start":{"line":100,"column":12},"end":{"line":100,"column":40}},"44":{"start":{"line":104,"column":4},"end":{"line":105,"column":25}},"45":{"start":{"line":107,"column":4},"end":{"line":108,"column":25}},"46":{"start":{"line":110,"column":4},"end":{"line":110,"column":47}},"47":{"start":{"line":112,"column":4},"end":{"line":112,"column":44}},"48":{"start":{"line":114,"column":4},"end":{"line":119,"column":6}},"49":{"start":{"line":116,"column":33},"end":{"line":116,"column":45}},"50":{"start":{"line":117,"column":30},"end":{"line":117,"column":46}},"51":{"start":{"line":118,"column":8},"end":{"line":118,"column":48}},"52":{"start":{"line":123,"column":0},"end":{"line":159,"column":1}},"53":{"start":{"line":125,"column":4},"end":{"line":127,"column":5}},"54":{"start":{"line":126,"column":8},"end":{"line":126,"column":68}},"55":{"start":{"line":129,"column":24},"end":{"line":129,"column":33}},"56":{"start":{"line":132,"column":22},"end":{"line":132,"column":46}},"57":{"start":{"line":134,"column":29},"end":{"line":134,"column":58}},"58":{"start":{"line":136,"column":4},"end":{"line":138,"column":5}},"59":{"start":{"line":137,"column":8},"end":{"line":137,"column":68}},"60":{"start":{"line":140,"column":19},"end":{"line":144,"column":25}},"61":{"start":{"line":147,"column":4},"end":{"line":156,"column":6}},"62":{"start":{"line":148,"column":8},"end":{"line":152,"column":9}},"63":{"start":{"line":149,"column":12},"end":{"line":149,"column":72}},"64":{"start":{"line":151,"column":12},"end":{"line":151,"column":62}},"65":{"start":{"line":155,"column":8},"end":{"line":155,"column":22}},"66":{"start":{"line":161,"column":0},"end":{"line":220,"column":1}},"67":{"start":{"line":163,"column":19},"end":{"line":170,"column":30}},"68":{"start":{"line":172,"column":29},"end":{"line":172,"column":99}},"69":{"start":{"line":174,"column":35},"end":{"line":174,"column":71}},"70":{"start":{"line":176,"column":33},"end":{"line":176,"column":122}},"71":{"start":{"line":176,"column":79},"end":{"line":176,"column":121}},"72":{"start":{"line":178,"column":4},"end":{"line":180,"column":5}},"73":{"start":{"line":179,"column":8},"end":{"line":179,"column":68}},"74":{"start":{"line":183,"column":22},"end":{"line":183,"column":82}},"75":{"start":{"line":186,"column":21},"end":{"line":186,"column":120}},"76":{"start":{"line":190,"column":4},"end":{"line":201,"column":5}},"77":{"start":{"line":191,"column":8},"end":{"line":191,"column":49}},"78":{"start":{"line":193,"column":8},"end":{"line":200,"column":30}},"79":{"start":{"line":205,"column":4},"end":{"line":215,"column":6}},"80":{"start":{"line":206,"column":8},"end":{"line":211,"column":9}},"81":{"start":{"line":208,"column":12},"end":{"line":208,"column":72}},"82":{"start":{"line":210,"column":12},"end":{"line":210,"column":50}},"83":{"start":{"line":214,"column":8},"end":{"line":214,"column":22}},"84":{"start":{"line":222,"column":0},"end":{"line":244,"column":1}},"85":{"start":{"line":224,"column":4},"end":{"line":226,"column":5}},"86":{"start":{"line":225,"column":8},"end":{"line":225,"column":68}},"87":{"start":{"line":228,"column":21},"end":{"line":231,"column":16}},"88":{"start":{"line":233,"column":24},"end":{"line":233,"column":36}},"89":{"start":{"line":235,"column":4},"end":{"line":243,"column":6}},"90":{"start":{"line":236,"column":8},"end":{"line":240,"column":9}},"91":{"start":{"line":237,"column":12},"end":{"line":237,"column":71}},"92":{"start":{"line":239,"column":12},"end":{"line":239,"column":50}},"93":{"start":{"line":242,"column":8},"end":{"line":242,"column":19}}},"fnMap":{"0":{"name":"(anonymous_0)","decl":{"start":{"line":5,"column":27},"end":{"line":5,"column":28}},"loc":{"start":{"line":5,"column":43},"end":{"line":44,"column":1}},"line":5},"1":{"name":"(anonymous_1)","decl":{"start":{"line":34,"column":49},"end":{"line":34,"column":50}},"loc":{"start":{"line":34,"column":68},"end":{"line":40,"column":5}},"line":34},"2":{"name":"(anonymous_2)","decl":{"start":{"line":40,"column":12},"end":{"line":40,"column":13}},"loc":{"start":{"line":40,"column":24},"end":{"line":42,"column":5}},"line":40},"3":{"name":"(anonymous_3)","decl":{"start":{"line":46,"column":24},"end":{"line":46,"column":25}},"loc":{"start":{"line":46,"column":98},"end":{"line":121,"column":1}},"line":46},"4":{"name":"(anonymous_4)","decl":{"start":{"line":115,"column":10},"end":{"line":115,"column":11}},"loc":{"start":{"line":115,"column":34},"end":{"line":119,"column":5}},"line":115},"5":{"name":"(anonymous_5)","decl":{"start":{"line":123,"column":30},"end":{"line":123,"column":31}},"loc":{"start":{"line":123,"column":57},"end":{"line":159,"column":1}},"line":123},"6":{"name":"(anonymous_6)","decl":{"start":{"line":147,"column":49},"end":{"line":147,"column":50}},"loc":{"start":{"line":147,"column":68},"end":{"line":153,"column":5}},"line":147},"7":{"name":"(anonymous_7)","decl":{"start":{"line":154,"column":10},"end":{"line":154,"column":11}},"loc":{"start":{"line":154,"column":22},"end":{"line":156,"column":5}},"line":154},"8":{"name":"(anonymous_8)","decl":{"start":{"line":161,"column":21},"end":{"line":161,"column":22}},"loc":{"start":{"line":161,"column":34},"end":{"line":220,"column":1}},"line":161},"9":{"name":"(anonymous_9)","decl":{"start":{"line":176,"column":62},"end":{"line":176,"column":63}},"loc":{"start":{"line":176,"column":79},"end":{"line":176,"column":121}},"line":176},"10":{"name":"(anonymous_10)","decl":{"start":{"line":205,"column":48},"end":{"line":205,"column":49}},"loc":{"start":{"line":205,"column":81},"end":{"line":212,"column":5}},"line":205},"11":{"name":"(anonymous_11)","decl":{"start":{"line":212,"column":12},"end":{"line":212,"column":13}},"loc":{"start":{"line":212,"column":24},"end":{"line":215,"column":5}},"line":212},"12":{"name":"(anonymous_12)","decl":{"start":{"line":222,"column":24},"end":{"line":222,"column":25}},"loc":{"start":{"line":222,"column":40},"end":{"line":244,"column":1}},"line":222},"13":{"name":"(anonymous_13)","decl":{"start":{"line":235,"column":49},"end":{"line":235,"column":50}},"loc":{"start":{"line":235,"column":68},"end":{"line":241,"column":5}},"line":235},"14":{"name":"(anonymous_14)","decl":{"start":{"line":241,"column":12},"end":{"line":241,"column":13}},"loc":{"start":{"line":241,"column":24},"end":{"line":243,"column":5}},"line":241}},"branchMap":{"0":{"loc":{"start":{"line":23,"column":4},"end":{"line":25,"column":5}},"type":"if","locations":[{"start":{"line":23,"column":4},"end":{"line":25,"column":5}},{"start":{},"end":{}}],"line":23},"1":{"loc":{"start":{"line":35,"column":8},"end":{"line":39,"column":9}},"type":"if","locations":[{"start":{"line":35,"column":8},"end":{"line":39,"column":9}},{"start":{"line":37,"column":15},"end":{"line":39,"column":9}}],"line":35},"2":{"loc":{"start":{"line":46,"column":25},"end":{"line":46,"column":47}},"type":"default-arg","locations":[{"start":{"line":46,"column":35},"end":{"line":46,"column":47}}],"line":46},"3":{"loc":{"start":{"line":46,"column":49},"end":{"line":46,"column":63}},"type":"default-arg","locations":[{"start":{"line":46,"column":57},"end":{"line":46,"column":63}}],"line":46},"4":{"loc":{"start":{"line":46,"column":65},"end":{"line":46,"column":73}},"type":"default-arg","locations":[{"start":{"line":46,"column":71},"end":{"line":46,"column":73}}],"line":46},"5":{"loc":{"start":{"line":46,"column":75},"end":{"line":46,"column":78}},"type":"default-arg","locations":[{"start":{"line":46,"column":77},"end":{"line":46,"column":78}}],"line":46},"6":{"loc":{"start":{"line":54,"column":4},"end":{"line":56,"column":5}},"type":"if","locations":[{"start":{"line":54,"column":4},"end":{"line":56,"column":5}},{"start":{},"end":{}}],"line":54},"7":{"loc":{"start":{"line":54,"column":8},"end":{"line":54,"column":90}},"type":"binary-expr","locations":[{"start":{"line":54,"column":8},"end":{"line":54,"column":55}},{"start":{"line":54,"column":59},"end":{"line":54,"column":90}}],"line":54},"8":{"loc":{"start":{"line":59,"column":4},"end":{"line":61,"column":5}},"type":"if","locations":[{"start":{"line":59,"column":4},"end":{"line":61,"column":5}},{"start":{},"end":{}}],"line":59},"9":{"loc":{"start":{"line":59,"column":7},"end":{"line":59,"column":47}},"type":"binary-expr","locations":[{"start":{"line":59,"column":7},"end":{"line":59,"column":23}},{"start":{"line":59,"column":27},"end":{"line":59,"column":47}}],"line":59},"10":{"loc":{"start":{"line":82,"column":4},"end":{"line":102,"column":5}},"type":"if","locations":[{"start":{"line":82,"column":4},"end":{"line":102,"column":5}},{"start":{},"end":{}}],"line":82},"11":{"loc":{"start":{"line":82,"column":8},"end":{"line":82,"column":23}},"type":"binary-expr","locations":[{"start":{"line":82,"column":8},"end":{"line":82,"column":14}},{"start":{"line":82,"column":18},"end":{"line":82,"column":23}}],"line":82},"12":{"loc":{"start":{"line":86,"column":8},"end":{"line":101,"column":9}},"type":"if","locations":[{"start":{"line":86,"column":8},"end":{"line":101,"column":9}},{"start":{"line":91,"column":15},"end":{"line":101,"column":9}}],"line":86},"13":{"loc":{"start":{"line":86,"column":12},"end":{"line":86,"column":27}},"type":"binary-expr","locations":[{"start":{"line":86,"column":12},"end":{"line":86,"column":18}},{"start":{"line":86,"column":22},"end":{"line":86,"column":27}}],"line":86},"14":{"loc":{"start":{"line":91,"column":15},"end":{"line":101,"column":9}},"type":"if","locations":[{"start":{"line":91,"column":15},"end":{"line":101,"column":9}},{"start":{"line":96,"column":15},"end":{"line":101,"column":9}}],"line":91},"15":{"loc":{"start":{"line":91,"column":19},"end":{"line":91,"column":35}},"type":"binary-expr","locations":[{"start":{"line":91,"column":19},"end":{"line":91,"column":25}},{"start":{"line":91,"column":29},"end":{"line":91,"column":35}}],"line":91},"16":{"loc":{"start":{"line":96,"column":15},"end":{"line":101,"column":9}},"type":"if","locations":[{"start":{"line":96,"column":15},"end":{"line":101,"column":9}},{"start":{},"end":{}}],"line":96},"17":{"loc":{"start":{"line":96,"column":19},"end":{"line":96,"column":35}},"type":"binary-expr","locations":[{"start":{"line":96,"column":19},"end":{"line":96,"column":26}},{"start":{"line":96,"column":30},"end":{"line":96,"column":35}}],"line":96},"18":{"loc":{"start":{"line":125,"column":4},"end":{"line":127,"column":5}},"type":"if","locations":[{"start":{"line":125,"column":4},"end":{"line":127,"column":5}},{"start":{},"end":{}}],"line":125},"19":{"loc":{"start":{"line":125,"column":8},"end":{"line":125,"column":88}},"type":"binary-expr","locations":[{"start":{"line":125,"column":8},"end":{"line":125,"column":43}},{"start":{"line":125,"column":47},"end":{"line":125,"column":88}}],"line":125},"20":{"loc":{"start":{"line":136,"column":4},"end":{"line":138,"column":5}},"type":"if","locations":[{"start":{"line":136,"column":4},"end":{"line":138,"column":5}},{"start":{},"end":{}}],"line":136},"21":{"loc":{"start":{"line":136,"column":8},"end":{"line":136,"column":38}},"type":"binary-expr","locations":[{"start":{"line":136,"column":8},"end":{"line":136,"column":18}},{"start":{"line":136,"column":22},"end":{"line":136,"column":38}}],"line":136},"22":{"loc":{"start":{"line":148,"column":8},"end":{"line":152,"column":9}},"type":"if","locations":[{"start":{"line":148,"column":8},"end":{"line":152,"column":9}},{"start":{"line":150,"column":15},"end":{"line":152,"column":9}}],"line":148},"23":{"loc":{"start":{"line":178,"column":4},"end":{"line":180,"column":5}},"type":"if","locations":[{"start":{"line":178,"column":4},"end":{"line":180,"column":5}},{"start":{},"end":{}}],"line":178},"24":{"loc":{"start":{"line":190,"column":4},"end":{"line":201,"column":5}},"type":"if","locations":[{"start":{"line":190,"column":4},"end":{"line":201,"column":5}},{"start":{"line":192,"column":11},"end":{"line":201,"column":5}}],"line":190},"25":{"loc":{"start":{"line":190,"column":8},"end":{"line":190,"column":73}},"type":"binary-expr","locations":[{"start":{"line":190,"column":8},"end":{"line":190,"column":31}},{"start":{"line":190,"column":35},"end":{"line":190,"column":73}}],"line":190},"26":{"loc":{"start":{"line":206,"column":8},"end":{"line":211,"column":9}},"type":"if","locations":[{"start":{"line":206,"column":8},"end":{"line":211,"column":9}},{"start":{"line":209,"column":15},"end":{"line":211,"column":9}}],"line":206},"27":{"loc":{"start":{"line":206,"column":12},"end":{"line":206,"column":41}},"type":"binary-expr","locations":[{"start":{"line":206,"column":12},"end":{"line":206,"column":25}},{"start":{"line":206,"column":29},"end":{"line":206,"column":41}}],"line":206},"28":{"loc":{"start":{"line":224,"column":4},"end":{"line":226,"column":5}},"type":"if","locations":[{"start":{"line":224,"column":4},"end":{"line":226,"column":5}},{"start":{},"end":{}}],"line":224},"29":{"loc":{"start":{"line":236,"column":8},"end":{"line":240,"column":9}},"type":"if","locations":[{"start":{"line":236,"column":8},"end":{"line":240,"column":9}},{"start":{"line":238,"column":15},"end":{"line":240,"column":9}}],"line":236}},"s":{"0":1,"1":1,"2":1,"3":5,"4":5,"5":5,"6":1,"7":4,"8":4,"9":4,"10":4,"11":1,"12":3,"13":3,"14":1,"15":20,"16":20,"17":20,"18":20,"19":3,"20":17,"21":2,"22":15,"23":15,"24":15,"25":15,"26":15,"27":4,"28":4,"29":4,"30":1,"31":1,"32":1,"33":1,"34":3,"35":1,"36":1,"37":1,"38":1,"39":2,"40":2,"41":2,"42":2,"43":2,"44":15,"45":15,"46":15,"47":15,"48":15,"49":15,"50":15,"51":15,"52":1,"53":4,"54":1,"55":3,"56":3,"57":3,"58":3,"59":1,"60":2,"61":2,"62":2,"63":1,"64":1,"65":1,"66":1,"67":10,"68":10,"69":10,"70":10,"71":34,"72":10,"73":4,"74":6,"75":6,"76":6,"77":2,"78":4,"79":6,"80":6,"81":2,"82":4,"83":4,"84":1,"85":1,"86":0,"87":1,"88":1,"89":1,"90":1,"91":0,"92":1,"93":1},"f":{"0":5,"1":4,"2":3,"3":20,"4":15,"5":4,"6":2,"7":1,"8":10,"9":34,"10":6,"11":4,"12":1,"13":1,"14":1},"b":{"0":[1,4],"1":[1,3],"2":[16],"3":[18],"4":[16],"5":[15],"6":[3,17],"7":[20,19],"8":[2,15],"9":[17,16],"10":[4,11],"11":[15,13],"12":[1,3],"13":[4,2],"14":[1,2],"15":[3,1],"16":[2,0],"17":[2,2],"18":[1,3],"19":[4,3],"20":[1,2],"21":[3,3],"22":[1,1],"23":[4,6],"24":[2,4],"25":[6,3],"26":[2,4],"27":[6,5],"28":[0,1],"29":[0,1]},"_coverageSchema":"1a1c01bbd47fc00a2c39e90264f33305004495a9","hash":"d8e00434befb56e9875465fe857ad3f011995317"}
,"/Users/dudleyspence/GitHub Projects/TrailTalk/be-news-api/models/comments.models.js": {"path":"/Users/dudleyspence/GitHub Projects/TrailTalk/be-news-api/models/comments.models.js","statementMap":{"0":{"start":{"line":1,"column":11},"end":{"line":1,"column":38}},"1":{"start":{"line":6,"column":4},"end":{"line":6,"column":32}},"2":{"start":{"line":8,"column":0},"end":{"line":59,"column":2}},"3":{"start":{"line":15,"column":23},"end":{"line":15,"column":46}},"4":{"start":{"line":17,"column":22},"end":{"line":17,"column":24}},"5":{"start":{"line":18,"column":17},"end":{"line":18,"column":42}},"6":{"start":{"line":21,"column":2},"end":{"line":23,"column":3}},"7":{"start":{"line":22,"column":4},"end":{"line":22,"column":69}},"8":{"start":{"line":24,"column":2},"end":{"line":24,"column":26}},"9":{"start":{"line":25,"column":2},"end":{"line":25,"column":22}},"10":{"start":{"line":27,"column":2},"end":{"line":29,"column":3}},"11":{"start":{"line":28,"column":4},"end":{"line":28,"column":67}},"12":{"start":{"line":31,"column":23},"end":{"line":31,"column":25}},"13":{"start":{"line":33,"column":2},"end":{"line":37,"column":3}},"14":{"start":{"line":34,"column":4},"end":{"line":34,"column":39}},"15":{"start":{"line":35,"column":4},"end":{"line":35,"column":33}},"16":{"start":{"line":36,"column":4},"end":{"line":36,"column":46}},"17":{"start":{"line":39,"column":2},"end":{"line":44,"column":3}},"18":{"start":{"line":43,"column":4},"end":{"line":43,"column":69}},"19":{"start":{"line":46,"column":2},"end":{"line":46,"column":46}},"20":{"start":{"line":48,"column":2},"end":{"line":48,"column":43}},"21":{"start":{"line":50,"column":2},"end":{"line":50,"column":53}},"22":{"start":{"line":52,"column":2},"end":{"line":58,"column":5}},"23":{"start":{"line":53,"column":4},"end":{"line":57,"column":5}},"24":{"start":{"line":54,"column":6},"end":{"line":54,"column":67}},"25":{"start":{"line":56,"column":6},"end":{"line":56,"column":18}},"26":{"start":{"line":61,"column":0},"end":{"line":102,"column":2}},"27":{"start":{"line":62,"column":2},"end":{"line":69,"column":3}},"28":{"start":{"line":68,"column":4},"end":{"line":68,"column":67}},"29":{"start":{"line":71,"column":20},"end":{"line":71,"column":45}},"30":{"start":{"line":73,"column":2},"end":{"line":75,"column":3}},"31":{"start":{"line":74,"column":4},"end":{"line":74,"column":67}},"32":{"start":{"line":77,"column":19},"end":{"line":77,"column":71}},"33":{"start":{"line":79,"column":17},"end":{"line":82,"column":16}},"34":{"start":{"line":84,"column":23},"end":{"line":87,"column":3}},"35":{"start":{"line":89,"column":2},"end":{"line":101,"column":7}},"36":{"start":{"line":91,"column":6},"end":{"line":97,"column":7}},"37":{"start":{"line":92,"column":8},"end":{"line":92,"column":71}},"38":{"start":{"line":93,"column":13},"end":{"line":97,"column":7}},"39":{"start":{"line":94,"column":8},"end":{"line":94,"column":69}},"40":{"start":{"line":96,"column":8},"end":{"line":96,"column":44}},"41":{"start":{"line":100,"column":6},"end":{"line":100,"column":21}},"42":{"start":{"line":104,"column":0},"end":{"line":130,"column":2}},"43":{"start":{"line":105,"column":20},"end":{"line":105,"column":45}},"44":{"start":{"line":107,"column":2},"end":{"line":109,"column":3}},"45":{"start":{"line":108,"column":4},"end":{"line":108,"column":67}},"46":{"start":{"line":111,"column":19},"end":{"line":114,"column":16}},"47":{"start":{"line":116,"column":22},"end":{"line":116,"column":34}},"48":{"start":{"line":118,"column":23},"end":{"line":121,"column":3}},"49":{"start":{"line":123,"column":2},"end":{"line":129,"column":5}},"50":{"start":{"line":124,"column":4},"end":{"line":128,"column":5}},"51":{"start":{"line":125,"column":6},"end":{"line":125,"column":67}},"52":{"start":{"line":127,"column":6},"end":{"line":127,"column":21}},"53":{"start":{"line":132,"column":0},"end":{"line":167,"column":2}},"54":{"start":{"line":133,"column":2},"end":{"line":138,"column":3}},"55":{"start":{"line":137,"column":4},"end":{"line":137,"column":67}},"56":{"start":{"line":140,"column":24},"end":{"line":140,"column":33}},"57":{"start":{"line":142,"column":20},"end":{"line":142,"column":45}},"58":{"start":{"line":144,"column":26},"end":{"line":144,"column":55}},"59":{"start":{"line":146,"column":2},"end":{"line":148,"column":3}},"60":{"start":{"line":147,"column":4},"end":{"line":147,"column":67}},"61":{"start":{"line":150,"column":17},"end":{"line":154,"column":21}},"62":{"start":{"line":156,"column":2},"end":{"line":166,"column":7}},"63":{"start":{"line":158,"column":6},"end":{"line":162,"column":7}},"64":{"start":{"line":159,"column":8},"end":{"line":159,"column":71}},"65":{"start":{"line":161,"column":8},"end":{"line":161,"column":59}},"66":{"start":{"line":165,"column":6},"end":{"line":165,"column":21}}},"fnMap":{"0":{"name":"(anonymous_0)","decl":{"start":{"line":8,"column":24},"end":{"line":8,"column":25}},"loc":{"start":{"line":14,"column":5},"end":{"line":59,"column":1}},"line":14},"1":{"name":"(anonymous_1)","decl":{"start":{"line":52,"column":40},"end":{"line":52,"column":41}},"loc":{"start":{"line":52,"column":71},"end":{"line":58,"column":3}},"line":52},"2":{"name":"(anonymous_2)","decl":{"start":{"line":61,"column":21},"end":{"line":61,"column":22}},"loc":{"start":{"line":61,"column":46},"end":{"line":102,"column":1}},"line":61},"3":{"name":"(anonymous_3)","decl":{"start":{"line":90,"column":10},"end":{"line":90,"column":11}},"loc":{"start":{"line":90,"column":50},"end":{"line":98,"column":5}},"line":90},"4":{"name":"(anonymous_4)","decl":{"start":{"line":99,"column":10},"end":{"line":99,"column":11}},"loc":{"start":{"line":99,"column":24},"end":{"line":101,"column":5}},"line":99},"5":{"name":"(anonymous_5)","decl":{"start":{"line":104,"column":24},"end":{"line":104,"column":25}},"loc":{"start":{"line":104,"column":40},"end":{"line":130,"column":1}},"line":104},"6":{"name":"(anonymous_6)","decl":{"start":{"line":123,"column":40},"end":{"line":123,"column":41}},"loc":{"start":{"line":123,"column":71},"end":{"line":129,"column":3}},"line":123},"7":{"name":"(anonymous_7)","decl":{"start":{"line":132,"column":30},"end":{"line":132,"column":31}},"loc":{"start":{"line":132,"column":57},"end":{"line":167,"column":1}},"line":132},"8":{"name":"(anonymous_8)","decl":{"start":{"line":157,"column":10},"end":{"line":157,"column":11}},"loc":{"start":{"line":157,"column":29},"end":{"line":163,"column":5}},"line":157},"9":{"name":"(anonymous_9)","decl":{"start":{"line":164,"column":10},"end":{"line":164,"column":11}},"loc":{"start":{"line":164,"column":24},"end":{"line":166,"column":5}},"line":164}},"branchMap":{"0":{"loc":{"start":{"line":9,"column":2},"end":{"line":9,"column":24}},"type":"default-arg","locations":[{"start":{"line":9,"column":12},"end":{"line":9,"column":24}}],"line":9},"1":{"loc":{"start":{"line":10,"column":2},"end":{"line":10,"column":15}},"type":"default-arg","locations":[{"start":{"line":10,"column":10},"end":{"line":10,"column":15}}],"line":10},"2":{"loc":{"start":{"line":11,"column":2},"end":{"line":11,"column":12}},"type":"default-arg","locations":[{"start":{"line":11,"column":10},"end":{"line":11,"column":12}}],"line":11},"3":{"loc":{"start":{"line":12,"column":2},"end":{"line":12,"column":7}},"type":"default-arg","locations":[{"start":{"line":12,"column":6},"end":{"line":12,"column":7}}],"line":12},"4":{"loc":{"start":{"line":21,"column":2},"end":{"line":23,"column":3}},"type":"if","locations":[{"start":{"line":21,"column":2},"end":{"line":23,"column":3}},{"start":{},"end":{}}],"line":21},"5":{"loc":{"start":{"line":21,"column":6},"end":{"line":21,"column":46}},"type":"binary-expr","locations":[{"start":{"line":21,"column":6},"end":{"line":21,"column":22}},{"start":{"line":21,"column":26},"end":{"line":21,"column":46}}],"line":21},"6":{"loc":{"start":{"line":27,"column":2},"end":{"line":29,"column":3}},"type":"if","locations":[{"start":{"line":27,"column":2},"end":{"line":29,"column":3}},{"start":{},"end":{}}],"line":27},"7":{"loc":{"start":{"line":33,"column":2},"end":{"line":37,"column":3}},"type":"if","locations":[{"start":{"line":33,"column":2},"end":{"line":37,"column":3}},{"start":{},"end":{}}],"line":33},"8":{"loc":{"start":{"line":39,"column":2},"end":{"line":44,"column":3}},"type":"if","locations":[{"start":{"line":39,"column":2},"end":{"line":44,"column":3}},{"start":{},"end":{}}],"line":39},"9":{"loc":{"start":{"line":40,"column":4},"end":{"line":41,"column":35}},"type":"binary-expr","locations":[{"start":{"line":40,"column":4},"end":{"line":40,"column":51}},{"start":{"line":41,"column":4},"end":{"line":41,"column":35}}],"line":40},"10":{"loc":{"start":{"line":53,"column":4},"end":{"line":57,"column":5}},"type":"if","locations":[{"start":{"line":53,"column":4},"end":{"line":57,"column":5}},{"start":{"line":55,"column":11},"end":{"line":57,"column":5}}],"line":53},"11":{"loc":{"start":{"line":53,"column":8},"end":{"line":53,"column":43}},"type":"binary-expr","locations":[{"start":{"line":53,"column":8},"end":{"line":53,"column":22}},{"start":{"line":53,"column":26},"end":{"line":53,"column":43}}],"line":53},"12":{"loc":{"start":{"line":62,"column":2},"end":{"line":69,"column":3}},"type":"if","locations":[{"start":{"line":62,"column":2},"end":{"line":69,"column":3}},{"start":{},"end":{}}],"line":62},"13":{"loc":{"start":{"line":63,"column":4},"end":{"line":66,"column":36}},"type":"binary-expr","locations":[{"start":{"line":63,"column":4},"end":{"line":63,"column":21}},{"start":{"line":64,"column":4},"end":{"line":64,"column":17}},{"start":{"line":65,"column":4},"end":{"line":65,"column":40}},{"start":{"line":66,"column":4},"end":{"line":66,"column":36}}],"line":63},"14":{"loc":{"start":{"line":73,"column":2},"end":{"line":75,"column":3}},"type":"if","locations":[{"start":{"line":73,"column":2},"end":{"line":75,"column":3}},{"start":{},"end":{}}],"line":73},"15":{"loc":{"start":{"line":91,"column":6},"end":{"line":97,"column":7}},"type":"if","locations":[{"start":{"line":91,"column":6},"end":{"line":97,"column":7}},{"start":{"line":93,"column":13},"end":{"line":97,"column":7}}],"line":91},"16":{"loc":{"start":{"line":93,"column":13},"end":{"line":97,"column":7}},"type":"if","locations":[{"start":{"line":93,"column":13},"end":{"line":97,"column":7}},{"start":{"line":95,"column":13},"end":{"line":97,"column":7}}],"line":93},"17":{"loc":{"start":{"line":107,"column":2},"end":{"line":109,"column":3}},"type":"if","locations":[{"start":{"line":107,"column":2},"end":{"line":109,"column":3}},{"start":{},"end":{}}],"line":107},"18":{"loc":{"start":{"line":124,"column":4},"end":{"line":128,"column":5}},"type":"if","locations":[{"start":{"line":124,"column":4},"end":{"line":128,"column":5}},{"start":{"line":126,"column":11},"end":{"line":128,"column":5}}],"line":124},"19":{"loc":{"start":{"line":124,"column":8},"end":{"line":124,"column":43}},"type":"binary-expr","locations":[{"start":{"line":124,"column":8},"end":{"line":124,"column":22}},{"start":{"line":124,"column":26},"end":{"line":124,"column":43}}],"line":124},"20":{"loc":{"start":{"line":133,"column":2},"end":{"line":138,"column":3}},"type":"if","locations":[{"start":{"line":133,"column":2},"end":{"line":138,"column":3}},{"start":{},"end":{}}],"line":133},"21":{"loc":{"start":{"line":134,"column":4},"end":{"line":135,"column":45}},"type":"binary-expr","locations":[{"start":{"line":134,"column":4},"end":{"line":134,"column":39}},{"start":{"line":135,"column":4},"end":{"line":135,"column":45}}],"line":134},"22":{"loc":{"start":{"line":146,"column":2},"end":{"line":148,"column":3}},"type":"if","locations":[{"start":{"line":146,"column":2},"end":{"line":148,"column":3}},{"start":{},"end":{}}],"line":146},"23":{"loc":{"start":{"line":146,"column":6},"end":{"line":146,"column":36}},"type":"binary-expr","locations":[{"start":{"line":146,"column":6},"end":{"line":146,"column":16}},{"start":{"line":146,"column":20},"end":{"line":146,"column":36}}],"line":146},"24":{"loc":{"start":{"line":158,"column":6},"end":{"line":162,"column":7}},"type":"if","locations":[{"start":{"line":158,"column":6},"end":{"line":162,"column":7}},{"start":{"line":160,"column":13},"end":{"line":162,"column":7}}],"line":158}},"s":{"0":1,"1":1,"2":1,"3":7,"4":7,"5":7,"6":7,"7":0,"8":7,"9":7,"10":7,"11":1,"12":6,"13":6,"14":6,"15":6,"16":6,"17":6,"18":0,"19":6,"20":6,"21":6,"22":6,"23":6,"24":1,"25":5,"26":1,"27":7,"28":2,"29":5,"30":5,"31":2,"32":3,"33":3,"34":3,"35":3,"36":3,"37":1,"38":2,"39":0,"40":2,"41":2,"42":1,"43":3,"44":3,"45":1,"46":2,"47":2,"48":2,"49":2,"50":2,"51":1,"52":1,"53":1,"54":4,"55":1,"56":3,"57":3,"58":3,"59":3,"60":1,"61":2,"62":2,"63":2,"64":1,"65":1,"66":1},"f":{"0":7,"1":6,"2":7,"3":3,"4":2,"5":3,"6":2,"7":4,"8":2,"9":1},"b":{"0":[7],"1":[7],"2":[6],"3":[6],"4":[0,7],"5":[7,7],"6":[1,6],"7":[6,0],"8":[0,6],"9":[6,6],"10":[1,5],"11":[6,6],"12":[2,5],"13":[7,6,6,5],"14":[2,3],"15":[1,2],"16":[0,2],"17":[1,2],"18":[1,1],"19":[2,1],"20":[1,3],"21":[4,3],"22":[1,2],"23":[3,3],"24":[1,1]},"_coverageSchema":"1a1c01bbd47fc00a2c39e90264f33305004495a9","hash":"46dd8374cf7e2ac26ec7816a4e63d6277616ea94"}
,"/Users/dudleyspence/GitHub Projects/TrailTalk/be-news-api/models/topics.models.js": {"path":"/Users/dudleyspence/GitHub Projects/TrailTalk/be-news-api/models/topics.models.js","statementMap":{"0":{"start":{"line":1,"column":11},"end":{"line":1,"column":38}},"1":{"start":{"line":2,"column":29},"end":{"line":2,"column":57}},"2":{"start":{"line":5,"column":0},"end":{"line":12,"column":1}},"3":{"start":{"line":7,"column":21},"end":{"line":7,"column":43}},"4":{"start":{"line":9,"column":4},"end":{"line":11,"column":6}},"5":{"start":{"line":10,"column":8},"end":{"line":10,"column":19}},"6":{"start":{"line":14,"column":0},"end":{"line":34,"column":1}},"7":{"start":{"line":16,"column":21},"end":{"line":19,"column":16}},"8":{"start":{"line":21,"column":4},"end":{"line":21,"column":36}},"9":{"start":{"line":23,"column":24},"end":{"line":23,"column":63}},"10":{"start":{"line":25,"column":4},"end":{"line":33,"column":6}},"11":{"start":{"line":26,"column":8},"end":{"line":30,"column":9}},"12":{"start":{"line":27,"column":12},"end":{"line":27,"column":72}},"13":{"start":{"line":29,"column":12},"end":{"line":29,"column":50}},"14":{"start":{"line":32,"column":8},"end":{"line":32,"column":22}}},"fnMap":{"0":{"name":"(anonymous_0)","decl":{"start":{"line":5,"column":22},"end":{"line":5,"column":23}},"loc":{"start":{"line":5,"column":28},"end":{"line":12,"column":1}},"line":5},"1":{"name":"(anonymous_1)","decl":{"start":{"line":9,"column":35},"end":{"line":9,"column":36}},"loc":{"start":{"line":9,"column":49},"end":{"line":11,"column":5}},"line":9},"2":{"name":"(anonymous_2)","decl":{"start":{"line":14,"column":19},"end":{"line":14,"column":20}},"loc":{"start":{"line":14,"column":34},"end":{"line":34,"column":1}},"line":14},"3":{"name":"(anonymous_3)","decl":{"start":{"line":25,"column":49},"end":{"line":25,"column":50}},"loc":{"start":{"line":25,"column":66},"end":{"line":31,"column":5}},"line":25},"4":{"name":"(anonymous_4)","decl":{"start":{"line":31,"column":12},"end":{"line":31,"column":13}},"loc":{"start":{"line":31,"column":24},"end":{"line":33,"column":5}},"line":31}},"branchMap":{"0":{"loc":{"start":{"line":26,"column":8},"end":{"line":30,"column":9}},"type":"if","locations":[{"start":{"line":26,"column":8},"end":{"line":30,"column":9}},{"start":{"line":28,"column":15},"end":{"line":30,"column":9}}],"line":26}},"s":{"0":1,"1":1,"2":1,"3":1,"4":1,"5":1,"6":1,"7":2,"8":2,"9":2,"10":2,"11":2,"12":1,"13":1,"14":1},"f":{"0":1,"1":1,"2":2,"3":2,"4":1},"b":{"0":[1,1]},"_coverageSchema":"1a1c01bbd47fc00a2c39e90264f33305004495a9","hash":"97f96b834e2e617f8b87d6d2df2d9275a39eb0cd"}
,"/Users/dudleyspence/GitHub Projects/TrailTalk/be-news-api/models/users.models.js": {"path":"/Users/dudleyspence/GitHub Projects/TrailTalk/be-news-api/models/users.models.js","statementMap":{"0":{"start":{"line":1,"column":11},"end":{"line":1,"column":38}},"1":{"start":{"line":2,"column":30},"end":{"line":2,"column":58}},"2":{"start":{"line":4,"column":0},"end":{"line":11,"column":1}},"3":{"start":{"line":5,"column":21},"end":{"line":5,"column":43}},"4":{"start":{"line":7,"column":4},"end":{"line":10,"column":6}},"5":{"start":{"line":9,"column":8},"end":{"line":9,"column":19}},"6":{"start":{"line":13,"column":0},"end":{"line":26,"column":1}},"7":{"start":{"line":14,"column":19},"end":{"line":14,"column":58}},"8":{"start":{"line":17,"column":4},"end":{"line":24,"column":6}},"9":{"start":{"line":19,"column":8},"end":{"line":23,"column":9}},"10":{"start":{"line":20,"column":12},"end":{"line":20,"column":70}},"11":{"start":{"line":22,"column":12},"end":{"line":22,"column":26}}},"fnMap":{"0":{"name":"(anonymous_0)","decl":{"start":{"line":4,"column":21},"end":{"line":4,"column":22}},"loc":{"start":{"line":4,"column":27},"end":{"line":11,"column":1}},"line":4},"1":{"name":"(anonymous_1)","decl":{"start":{"line":7,"column":35},"end":{"line":7,"column":36}},"loc":{"start":{"line":7,"column":49},"end":{"line":10,"column":5}},"line":7},"2":{"name":"(anonymous_2)","decl":{"start":{"line":13,"column":30},"end":{"line":13,"column":31}},"loc":{"start":{"line":13,"column":44},"end":{"line":26,"column":1}},"line":13},"3":{"name":"(anonymous_3)","decl":{"start":{"line":18,"column":10},"end":{"line":18,"column":11}},"loc":{"start":{"line":18,"column":40},"end":{"line":24,"column":5}},"line":18}},"branchMap":{"0":{"loc":{"start":{"line":19,"column":8},"end":{"line":23,"column":9}},"type":"if","locations":[{"start":{"line":19,"column":8},"end":{"line":23,"column":9}},{"start":{"line":21,"column":15},"end":{"line":23,"column":9}}],"line":19}},"s":{"0":1,"1":1,"2":1,"3":1,"4":1,"5":1,"6":1,"7":2,"8":2,"9":2,"10":1,"11":1},"f":{"0":1,"1":1,"2":2,"3":2},"b":{"0":[1,1]},"_coverageSchema":"1a1c01bbd47fc00a2c39e90264f33305004495a9","hash":"0aeb637283e93000135a3dc4c8dfd1bcbc066533"}
,"/Users/dudleyspence/GitHub Projects/TrailTalk/be-news-api/routes/articles.routes.js": {"path":"/Users/dudleyspence/GitHub Projects/TrailTalk/be-news-api/routes/articles.routes.js","statementMap":{"0":{"start":{"line":1,"column":16},"end":{"line":1,"column":34}},"1":{"start":{"line":2,"column":15},"end":{"line":2,"column":31}},"2":{"start":{"line":3,"column":87},"end":{"line":3,"column":133}},"3":{"start":{"line":5,"column":0},"end":{"line":5,"column":52}},"4":{"start":{"line":6,"column":0},"end":{"line":6,"column":37}},"5":{"start":{"line":7,"column":0},"end":{"line":7,"column":57}},"6":{"start":{"line":8,"column":0},"end":{"line":8,"column":37}},"7":{"start":{"line":10,"column":0},"end":{"line":10,"column":54}},"8":{"start":{"line":14,"column":0},"end":{"line":14,"column":24}}},"fnMap":{},"branchMap":{},"s":{"0":1,"1":1,"2":1,"3":1,"4":1,"5":1,"6":1,"7":1,"8":1},"f":{},"b":{},"_coverageSchema":"1a1c01bbd47fc00a2c39e90264f33305004495a9","hash":"1cda898ffbc53795cea6c9322600b1acd9ba3e2c"}
,"/Users/dudleyspence/GitHub Projects/TrailTalk/be-news-api/routes/comments.routes.js": {"path":"/Users/dudleyspence/GitHub Projects/TrailTalk/be-news-api/routes/comments.routes.js","statementMap":{"0":{"start":{"line":1,"column":16},"end":{"line":1,"column":34}},"1":{"start":{"line":2,"column":15},"end":{"line":2,"column":31}},"2":{"start":{"line":3,"column":71},"end":{"line":3,"column":117}},"3":{"start":{"line":5,"column":0},"end":{"line":5,"column":58}},"4":{"start":{"line":6,"column":0},"end":{"line":6,"column":59}},"5":{"start":{"line":7,"column":0},"end":{"line":7,"column":54}},"6":{"start":{"line":8,"column":0},"end":{"line":8,"column":57}},"7":{"start":{"line":11,"column":0},"end":{"line":11,"column":24}}},"fnMap":{},"branchMap":{},"s":{"0":1,"1":1,"2":1,"3":1,"4":1,"5":1,"6":1,"7":1},"f":{},"b":{},"_coverageSchema":"1a1c01bbd47fc00a2c39e90264f33305004495a9","hash":"de2fce2fe698d4c11203658241f440eb343a1bfb"}
,"/Users/dudleyspence/GitHub Projects/TrailTalk/be-news-api/routes/index.routes.js": {"path":"/Users/dudleyspence/GitHub Projects/TrailTalk/be-news-api/routes/index.routes.js","statementMap":{"0":{"start":{"line":1,"column":0},"end":{"line":1,"column":50}},"1":{"start":{"line":2,"column":0},"end":{"line":2,"column":54}},"2":{"start":{"line":3,"column":0},"end":{"line":3,"column":54}},"3":{"start":{"line":4,"column":0},"end":{"line":4,"column":48}}},"fnMap":{},"branchMap":{},"s":{"0":1,"1":1,"2":1,"3":1},"f":{},"b":{},"_coverageSchema":"1a1c01bbd47fc00a2c39e90264f33305004495a9","hash":"3d659bd09dabb3710bf3b78be47d05dfdcffbd90"}
,"/Users/dudleyspence/GitHub Projects/TrailTalk/be-news-api/routes/topics.routes.js": {"path":"/Users/dudleyspence/GitHub Projects/TrailTalk/be-news-api/routes/topics.routes.js","statementMap":{"0":{"start":{"line":1,"column":16},"end":{"line":1,"column":34}},"1":{"start":{"line":2,"column":15},"end":{"line":2,"column":31}},"2":{"start":{"line":3,"column":32},"end":{"line":3,"column":76}},"3":{"start":{"line":5,"column":0},"end":{"line":5,"column":33}},"4":{"start":{"line":6,"column":0},"end":{"line":6,"column":33}},"5":{"start":{"line":8,"column":0},"end":{"line":8,"column":24}}},"fnMap":{},"branchMap":{},"s":{"0":1,"1":1,"2":1,"3":1,"4":1,"5":1},"f":{},"b":{},"_coverageSchema":"1a1c01bbd47fc00a2c39e90264f33305004495a9","hash":"8dd45bbb532cd29f164e7bfea67c493d67def76d"}
,"/Users/dudleyspence/GitHub Projects/TrailTalk/be-news-api/routes/users.routes.js": {"path":"/Users/dudleyspence/GitHub Projects/TrailTalk/be-news-api/routes/users.routes.js","statementMap":{"0":{"start":{"line":1,"column":16},"end":{"line":1,"column":34}},"1":{"start":{"line":2,"column":15},"end":{"line":2,"column":31}},"2":{"start":{"line":3,"column":40},"end":{"line":3,"column":83}},"3":{"start":{"line":5,"column":0},"end":{"line":5,"column":31}},"4":{"start":{"line":6,"column":0},"end":{"line":6,"column":49}},"5":{"start":{"line":8,"column":0},"end":{"line":8,"column":24}}},"fnMap":{},"branchMap":{},"s":{"0":1,"1":1,"2":1,"3":1,"4":1,"5":1},"f":{},"b":{},"_coverageSchema":"1a1c01bbd47fc00a2c39e90264f33305004495a9","hash":"f9bba53a328dca80bb74f9bf25d36ca6134b8d26"}
}
