TN:
SF:app.js
FN:24,(anonymous_0)
FN:35,(anonymous_1)
FNF:2
FNH:2
FNDA:1,(anonymous_0)
FNDA:1,(anonymous_1)
DA:1,1
DA:2,1
DA:3,1
DA:4,1
DA:6,1
DA:12,1
DA:14,1
DA:21,1
DA:24,1
DA:25,1
DA:29,1
DA:30,1
DA:31,1
DA:32,1
DA:35,1
DA:36,1
DA:40,1
DA:41,1
DA:42,1
DA:44,1
LF:20
LH:20
BRF:0
BRH:0
end_of_record
TN:
SF:controllers/articles.controllers.js
FN:3,(anonymous_0)
FN:5,(anonymous_1)
FN:12,(anonymous_2)
FN:15,(anonymous_3)
FN:22,(anonymous_4)
FN:26,(anonymous_5)
FN:32,(anonymous_6)
FN:36,(anonymous_7)
FN:43,(anonymous_8)
FN:46,(anonymous_9)
FNF:10
FNH:10
FNDA:5,(anonymous_0)
FNDA:3,(anonymous_1)
FNDA:20,(anonymous_2)
FNDA:15,(anonymous_3)
FNDA:4,(anonymous_4)
FNDA:1,(anonymous_5)
FNDA:10,(anonymous_6)
FNDA:4,(anonymous_7)
FNDA:1,(anonymous_8)
FNDA:1,(anonymous_9)
DA:1,1
DA:3,1
DA:4,5
DA:5,5
DA:6,3
DA:12,1
DA:14,20
DA:15,20
DA:16,15
DA:22,1
DA:23,4
DA:24,4
DA:26,4
DA:27,1
DA:32,1
DA:34,10
DA:36,10
DA:37,4
DA:43,1
DA:44,1
DA:46,1
DA:47,1
LF:22
LH:22
BRF:0
BRH:0
end_of_record
TN:
SF:controllers/comments.controllers.js
FN:4,(anonymous_0)
FN:9,(anonymous_1)
FN:17,(anonymous_2)
FN:20,(anonymous_3)
FN:26,(anonymous_4)
FN:30,(anonymous_5)
FN:36,(anonymous_6)
FN:40,(anonymous_7)
FNF:8
FNH:8
FNDA:7,(anonymous_0)
FNDA:5,(anonymous_1)
FNDA:7,(anonymous_2)
FNDA:2,(anonymous_3)
FNDA:3,(anonymous_4)
FNDA:1,(anonymous_5)
FNDA:4,(anonymous_6)
FNDA:1,(anonymous_7)
DA:1,1
DA:4,1
DA:5,7
DA:7,7
DA:9,7
DA:11,5
DA:17,1
DA:18,7
DA:19,7
DA:20,7
DA:21,2
DA:26,1
DA:28,3
DA:30,3
DA:31,1
DA:36,1
DA:37,4
DA:38,4
DA:40,4
DA:41,1
LF:20
LH:20
BRF:0
BRH:0
end_of_record
TN:
SF:controllers/topics.controllers.js
FN:3,(anonymous_0)
FN:6,(anonymous_1)
FN:12,(anonymous_2)
FN:16,(anonymous_3)
FNF:4
FNH:4
FNDA:1,(anonymous_0)
FNDA:1,(anonymous_1)
FNDA:2,(anonymous_2)
FNDA:1,(anonymous_3)
DA:1,1
DA:3,1
DA:6,1
DA:7,1
DA:12,1
DA:14,2
DA:16,2
DA:17,1
LF:8
LH:8
BRF:0
BRH:0
end_of_record
TN:
SF:controllers/users.controllers.js
FN:4,(anonymous_0)
FN:6,(anonymous_1)
FN:12,(anonymous_2)
FN:16,(anonymous_3)
FNF:4
FNH:4
FNDA:1,(anonymous_0)
FNDA:1,(anonymous_1)
FNDA:2,(anonymous_2)
FNDA:1,(anonymous_3)
DA:1,1
DA:4,1
DA:6,1
DA:7,1
DA:12,1
DA:14,2
DA:16,2
DA:17,1
LF:8
LH:8
BRF:0
BRH:0
end_of_record
TN:
SF:db/connection.js
FNF:0
FNH:0
DA:1,1
DA:2,1
DA:4,1
DA:8,1
DA:9,0
DA:12,1
DA:14,1
DA:15,0
DA:16,0
DA:19,1
LF:10
LH:7
BRDA:2,0,0,1
BRDA:2,0,1,0
BRDA:8,1,0,0
BRDA:8,1,1,1
BRDA:8,2,0,1
BRDA:8,2,1,0
BRDA:14,3,0,0
BRDA:14,3,1,1
BRF:8
BRH:4
end_of_record
TN:
SF:db/data/test-data/articles.js
FNF:0
FNH:0
DA:1,1
LF:1
LH:1
BRF:0
BRH:0
end_of_record
TN:
SF:db/data/test-data/comments.js
FNF:0
FNH:0
DA:1,1
LF:1
LH:1
BRF:0
BRH:0
end_of_record
TN:
SF:db/data/test-data/index.js
FNF:0
FNH:0
DA:1,1
DA:2,1
DA:3,1
DA:4,1
LF:4
LH:4
BRF:0
BRH:0
end_of_record
TN:
SF:db/data/test-data/topics.js
FNF:0
FNH:0
DA:1,1
LF:1
LH:1
BRF:0
BRH:0
end_of_record
TN:
SF:db/data/test-data/users.js
FNF:0
FNH:0
DA:1,1
LF:1
LH:1
BRF:0
BRH:0
end_of_record
TN:
SF:db/seeds/seed.js
FN:9,(anonymous_0)
FN:12,(anonymous_1)
FN:15,(anonymous_2)
FN:18,(anonymous_3)
FN:21,(anonymous_4)
FN:37,(anonymous_5)
FN:50,(anonymous_6)
FN:61,(anonymous_7)
FN:64,(anonymous_8)
FN:70,(anonymous_9)
FN:80,(anonymous_10)
FN:85,(anonymous_11)
FN:99,(anonymous_12)
FN:106,(anonymous_13)
FNF:14
FNH:14
FNDA:1,(anonymous_0)
FNDA:1,(anonymous_1)
FNDA:1,(anonymous_2)
FNDA:1,(anonymous_3)
FNDA:1,(anonymous_4)
FNDA:1,(anonymous_5)
FNDA:1,(anonymous_6)
FNDA:1,(anonymous_7)
FNDA:3,(anonymous_8)
FNDA:4,(anonymous_9)
FNDA:1,(anonymous_10)
FNDA:13,(anonymous_11)
FNDA:1,(anonymous_12)
FNDA:18,(anonymous_13)
DA:1,1
DA:2,1
DA:7,1
DA:9,1
DA:10,1
DA:13,1
DA:16,1
DA:19,1
DA:22,1
DA:28,1
DA:35,1
DA:38,1
DA:51,1
DA:62,1
DA:64,3
DA:66,1
DA:68,1
DA:70,4
DA:76,1
DA:78,1
DA:81,1
DA:82,1
DA:93,13
DA:97,1
DA:100,1
DA:101,1
DA:103,1
DA:106,18
DA:115,1
DA:119,1
LF:30
LH:30
BRDA:91,0,0,12
BRDA:106,1,0,0
BRF:2
BRH:1
end_of_record
TN:
SF:db/seeds/utils.js
FN:1,(anonymous_0)
FN:6,(anonymous_1)
FN:7,(anonymous_2)
FN:13,(anonymous_3)
FN:14,(anonymous_4)
FNF:5
FNH:5
FNDA:41,(anonymous_0)
FNDA:6,(anonymous_1)
FNDA:19,(anonymous_2)
FNDA:6,(anonymous_3)
FNDA:23,(anonymous_4)
DA:1,2
DA:2,41
DA:3,35
DA:6,2
DA:7,6
DA:8,19
DA:9,19
DA:13,2
DA:14,6
DA:15,23
DA:16,23
LF:11
LH:11
BRDA:2,0,0,6
BRDA:2,0,1,35
BRF:2
BRH:2
end_of_record
TN:
SF:db/utils/utils.js
FN:3,(anonymous_0)
FN:6,(anonymous_1)
FN:12,(anonymous_2)
FN:15,(anonymous_3)
FN:20,(anonymous_4)
FN:23,(anonymous_5)
FN:28,(anonymous_6)
FN:31,(anonymous_7)
FNF:8
FNH:8
FNDA:16,(anonymous_0)
FNDA:16,(anonymous_1)
FNDA:15,(anonymous_2)
FNDA:15,(anonymous_3)
FNDA:4,(anonymous_4)
FNDA:4,(anonymous_5)
FNDA:14,(anonymous_6)
FNDA:14,(anonymous_7)
DA:1,1
DA:3,1
DA:4,16
DA:7,16
DA:12,1
DA:13,15
DA:16,15
DA:20,1
DA:21,4
DA:24,4
DA:28,1
DA:29,14
DA:32,14
LF:13
LH:13
BRF:0
BRH:0
end_of_record
TN:
SF:errors/errors.js
FN:2,(anonymous_0)
FN:11,(anonymous_1)
FN:19,(anonymous_2)
FNF:3
FNH:2
FNDA:30,(anonymous_0)
FNDA:30,(anonymous_1)
FNDA:0,(anonymous_2)
DA:2,1
DA:3,30
DA:4,0
DA:7,30
DA:11,1
DA:12,30
DA:13,30
DA:15,0
DA:19,1
DA:20,0
LF:10
LH:7
BRDA:3,0,0,0
BRDA:3,0,1,30
BRDA:12,1,0,30
BRDA:12,1,1,0
BRDA:12,2,0,30
BRDA:12,2,1,30
BRF:6
BRH:4
end_of_record
TN:
SF:models/articles.models.js
FN:5,(anonymous_0)
FN:34,(anonymous_1)
FN:40,(anonymous_2)
FN:46,(anonymous_3)
FN:115,(anonymous_4)
FN:123,(anonymous_5)
FN:147,(anonymous_6)
FN:154,(anonymous_7)
FN:161,(anonymous_8)
FN:176,(anonymous_9)
FN:205,(anonymous_10)
FN:212,(anonymous_11)
FN:222,(anonymous_12)
FN:235,(anonymous_13)
FN:241,(anonymous_14)
FNF:15
FNH:15
FNDA:5,(anonymous_0)
FNDA:4,(anonymous_1)
FNDA:3,(anonymous_2)
FNDA:20,(anonymous_3)
FNDA:15,(anonymous_4)
FNDA:4,(anonymous_5)
FNDA:2,(anonymous_6)
FNDA:1,(anonymous_7)
FNDA:10,(anonymous_8)
FNDA:34,(anonymous_9)
FNDA:6,(anonymous_10)
FNDA:4,(anonymous_11)
FNDA:1,(anonymous_12)
FNDA:1,(anonymous_13)
FNDA:1,(anonymous_14)
DA:1,1
DA:2,1
DA:5,1
DA:7,5
DA:21,5
DA:23,5
DA:24,1
DA:28,4
DA:31,4
DA:34,4
DA:35,4
DA:36,1
DA:38,3
DA:41,3
DA:46,1
DA:48,20
DA:49,20
DA:52,20
DA:54,20
DA:55,3
DA:59,17
DA:60,2
DA:62,15
DA:63,15
DA:66,15
DA:79,15
DA:82,15
DA:83,4
DA:84,4
DA:86,4
DA:87,1
DA:88,1
DA:89,1
DA:90,1
DA:91,3
DA:92,1
DA:93,1
DA:94,1
DA:95,1
DA:96,2
DA:97,2
DA:98,2
DA:99,2
DA:100,2
DA:104,15
DA:107,15
DA:110,15
DA:112,15
DA:114,15
DA:116,15
DA:117,15
DA:118,15
DA:123,1
DA:125,4
DA:126,1
DA:129,3
DA:132,3
DA:134,3
DA:136,3
DA:137,1
DA:140,2
DA:147,2
DA:148,2
DA:149,1
DA:151,1
DA:155,1
DA:161,1
DA:163,10
DA:172,10
DA:174,10
DA:176,34
DA:178,10
DA:179,4
DA:183,6
DA:186,6
DA:190,6
DA:191,2
DA:193,4
DA:205,6
DA:206,6
DA:208,2
DA:210,4
DA:214,4
DA:222,1
DA:224,1
DA:225,0
DA:228,1
DA:233,1
DA:235,1
DA:236,1
DA:237,0
DA:239,1
DA:242,1
LF:93
LH:91
BRDA:23,0,0,1
BRDA:23,0,1,4
BRDA:35,1,0,1
BRDA:35,1,1,3
BRDA:46,2,0,16
BRDA:46,3,0,18
BRDA:46,4,0,16
BRDA:46,5,0,15
BRDA:54,6,0,3
BRDA:54,6,1,17
BRDA:54,7,0,20
BRDA:54,7,1,19
BRDA:59,8,0,2
BRDA:59,8,1,15
BRDA:59,9,0,17
BRDA:59,9,1,16
BRDA:82,10,0,4
BRDA:82,10,1,11
BRDA:82,11,0,15
BRDA:82,11,1,13
BRDA:86,12,0,1
BRDA:86,12,1,3
BRDA:86,13,0,4
BRDA:86,13,1,2
BRDA:91,14,0,1
BRDA:91,14,1,2
BRDA:91,15,0,3
BRDA:91,15,1,1
BRDA:96,16,0,2
BRDA:96,16,1,0
BRDA:96,17,0,2
BRDA:96,17,1,2
BRDA:125,18,0,1
BRDA:125,18,1,3
BRDA:125,19,0,4
BRDA:125,19,1,3
BRDA:136,20,0,1
BRDA:136,20,1,2
BRDA:136,21,0,3
BRDA:136,21,1,3
BRDA:148,22,0,1
BRDA:148,22,1,1
BRDA:178,23,0,4
BRDA:178,23,1,6
BRDA:190,24,0,2
BRDA:190,24,1,4
BRDA:190,25,0,6
BRDA:190,25,1,3
BRDA:206,26,0,2
BRDA:206,26,1,4
BRDA:206,27,0,6
BRDA:206,27,1,5
BRDA:224,28,0,0
BRDA:224,28,1,1
BRDA:236,29,0,0
BRDA:236,29,1,1
BRF:56
BRH:53
end_of_record
TN:
SF:models/comments.models.js
FN:8,(anonymous_0)
FN:52,(anonymous_1)
FN:61,(anonymous_2)
FN:90,(anonymous_3)
FN:99,(anonymous_4)
FN:104,(anonymous_5)
FN:123,(anonymous_6)
FN:132,(anonymous_7)
FN:157,(anonymous_8)
FN:164,(anonymous_9)
FNF:10
FNH:10
FNDA:7,(anonymous_0)
FNDA:6,(anonymous_1)
FNDA:7,(anonymous_2)
FNDA:3,(anonymous_3)
FNDA:2,(anonymous_4)
FNDA:3,(anonymous_5)
FNDA:2,(anonymous_6)
FNDA:4,(anonymous_7)
FNDA:2,(anonymous_8)
FNDA:1,(anonymous_9)
DA:1,1
DA:6,1
DA:8,1
DA:15,7
DA:17,7
DA:18,7
DA:21,7
DA:22,0
DA:24,7
DA:25,7
DA:27,7
DA:28,1
DA:31,6
DA:33,6
DA:34,6
DA:35,6
DA:36,6
DA:39,6
DA:43,0
DA:46,6
DA:48,6
DA:50,6
DA:52,6
DA:53,6
DA:54,1
DA:56,5
DA:61,1
DA:62,7
DA:68,2
DA:71,5
DA:73,5
DA:74,2
DA:77,3
DA:79,3
DA:84,3
DA:89,3
DA:91,3
DA:92,1
DA:93,2
DA:94,0
DA:96,2
DA:100,2
DA:104,1
DA:105,3
DA:107,3
DA:108,1
DA:111,2
DA:116,2
DA:118,2
DA:123,2
DA:124,2
DA:125,1
DA:127,1
DA:132,1
DA:133,4
DA:137,1
DA:140,3
DA:142,3
DA:144,3
DA:146,3
DA:147,1
DA:150,2
DA:156,2
DA:158,2
DA:159,1
DA:161,1
DA:165,1
LF:67
LH:64
BRDA:9,0,0,7
BRDA:10,1,0,7
BRDA:11,2,0,6
BRDA:12,3,0,6
BRDA:21,4,0,0
BRDA:21,4,1,7
BRDA:21,5,0,7
BRDA:21,5,1,7
BRDA:27,6,0,1
BRDA:27,6,1,6
BRDA:33,7,0,6
BRDA:33,7,1,0
BRDA:39,8,0,0
BRDA:39,8,1,6
BRDA:40,9,0,6
BRDA:40,9,1,6
BRDA:53,10,0,1
BRDA:53,10,1,5
BRDA:53,11,0,6
BRDA:53,11,1,6
BRDA:62,12,0,2
BRDA:62,12,1,5
BRDA:63,13,0,7
BRDA:63,13,1,6
BRDA:63,13,2,6
BRDA:63,13,3,5
BRDA:73,14,0,2
BRDA:73,14,1,3
BRDA:91,15,0,1
BRDA:91,15,1,2
BRDA:93,16,0,0
BRDA:93,16,1,2
BRDA:107,17,0,1
BRDA:107,17,1,2
BRDA:124,18,0,1
BRDA:124,18,1,1
BRDA:124,19,0,2
BRDA:124,19,1,1
BRDA:133,20,0,1
BRDA:133,20,1,3
BRDA:134,21,0,4
BRDA:134,21,1,3
BRDA:146,22,0,1
BRDA:146,22,1,2
BRDA:146,23,0,3
BRDA:146,23,1,3
BRDA:158,24,0,1
BRDA:158,24,1,1
BRF:48
BRH:44
end_of_record
TN:
SF:models/topics.models.js
FN:5,(anonymous_0)
FN:9,(anonymous_1)
FN:14,(anonymous_2)
FN:25,(anonymous_3)
FN:31,(anonymous_4)
FNF:5
FNH:5
FNDA:1,(anonymous_0)
FNDA:1,(anonymous_1)
FNDA:2,(anonymous_2)
FNDA:2,(anonymous_3)
FNDA:1,(anonymous_4)
DA:1,1
DA:2,1
DA:5,1
DA:7,1
DA:9,1
DA:10,1
DA:14,1
DA:16,2
DA:21,2
DA:23,2
DA:25,2
DA:26,2
DA:27,1
DA:29,1
DA:32,1
LF:15
LH:15
BRDA:26,0,0,1
BRDA:26,0,1,1
BRF:2
BRH:2
end_of_record
TN:
SF:models/users.models.js
FN:4,(anonymous_0)
FN:7,(anonymous_1)
FN:13,(anonymous_2)
FN:18,(anonymous_3)
FNF:4
FNH:4
FNDA:1,(anonymous_0)
FNDA:1,(anonymous_1)
FNDA:2,(anonymous_2)
FNDA:2,(anonymous_3)
DA:1,1
DA:2,1
DA:4,1
DA:5,1
DA:7,1
DA:9,1
DA:13,1
DA:14,2
DA:17,2
DA:19,2
DA:20,1
DA:22,1
LF:12
LH:12
BRDA:19,0,0,1
BRDA:19,0,1,1
BRF:2
BRH:2
end_of_record
TN:
SF:routes/articles.routes.js
FNF:0
FNH:0
DA:1,1
DA:2,1
DA:3,1
DA:5,1
DA:6,1
DA:7,1
DA:8,1
DA:10,1
DA:14,1
LF:9
LH:9
BRF:0
BRH:0
end_of_record
TN:
SF:routes/comments.routes.js
FNF:0
FNH:0
DA:1,1
DA:2,1
DA:3,1
DA:5,1
DA:6,1
DA:7,1
DA:8,1
DA:11,1
LF:8
LH:8
BRF:0
BRH:0
end_of_record
TN:
SF:routes/index.routes.js
FNF:0
FNH:0
DA:1,1
DA:2,1
DA:3,1
DA:4,1
LF:4
LH:4
BRF:0
BRH:0
end_of_record
TN:
SF:routes/topics.routes.js
FNF:0
FNH:0
DA:1,1
DA:2,1
DA:3,1
DA:5,1
DA:6,1
DA:8,1
LF:6
LH:6
BRF:0
BRH:0
end_of_record
TN:
SF:routes/users.routes.js
FNF:0
FNH:0
DA:1,1
DA:2,1
DA:3,1
DA:5,1
DA:6,1
DA:8,1
LF:6
LH:6
BRF:0
BRH:0
end_of_record
